<?xml version="1.0" encoding="UTF-8"?>
<coverage generated="1759159446598" clover="3.2.0">
  <project timestamp="1759159446598" name="All files">
    <metrics statements="188" coveredstatements="183" conditionals="90" coveredconditionals="83" methods="87" coveredmethods="83" elements="365" coveredelements="349" complexity="0" loc="188" ncloc="188" packages="11" files="36" classes="36"/>
    <package name="components">
      <metrics statements="0" coveredstatements="0" conditionals="0" coveredconditionals="0" methods="0" coveredmethods="0"/>
      <file name="index.ts" path="/Users/lazaroeduardodasilva/Documents/cefet/202502/vinyl/src/components/index.ts">
        <metrics statements="0" coveredstatements="0" conditionals="0" coveredconditionals="0" methods="0" coveredmethods="0"/>
      </file>
    </package>
    <package name="components.ButtonInterface">
      <metrics statements="2" coveredstatements="2" conditionals="4" coveredconditionals="3" methods="1" coveredmethods="1"/>
      <file name="index.tsx" path="/Users/lazaroeduardodasilva/Documents/cefet/202502/vinyl/src/components/ButtonInterface/index.tsx">
        <metrics statements="1" coveredstatements="1" conditionals="4" coveredconditionals="3" methods="1" coveredmethods="1"/>
        <line num="8" count="20" type="stmt"/>
      </file>
      <file name="styles.ts" path="/Users/lazaroeduardodasilva/Documents/cefet/202502/vinyl/src/components/ButtonInterface/styles.ts">
        <metrics statements="1" coveredstatements="1" conditionals="0" coveredconditionals="0" methods="0" coveredmethods="0"/>
        <line num="4" count="2" type="stmt"/>
      </file>
    </package>
    <package name="components.Loading">
      <metrics statements="1" coveredstatements="1" conditionals="0" coveredconditionals="0" methods="1" coveredmethods="1"/>
      <file name="index.tsx" path="/Users/lazaroeduardodasilva/Documents/cefet/202502/vinyl/src/components/Loading/index.tsx">
        <metrics statements="1" coveredstatements="1" conditionals="0" coveredconditionals="0" methods="1" coveredmethods="1"/>
        <line num="5" count="2" type="stmt"/>
      </file>
    </package>
    <package name="core.domain.entities">
      <metrics statements="6" coveredstatements="6" conditionals="2" coveredconditionals="2" methods="7" coveredmethods="7"/>
      <file name="Loan.ts" path="/Users/lazaroeduardodasilva/Documents/cefet/202502/vinyl/src/core/domain/entities/Loan.ts">
        <metrics statements="4" coveredstatements="4" conditionals="2" coveredconditionals="2" methods="3" coveredmethods="3"/>
        <line num="17" count="7" type="stmt"/>
        <line num="21" count="3" type="cond" truecount="2" falsecount="0"/>
        <line num="22" count="1" type="stmt"/>
        <line num="24" count="2" type="stmt"/>
      </file>
      <file name="User.ts" path="/Users/lazaroeduardodasilva/Documents/cefet/202502/vinyl/src/core/domain/entities/User.ts">
        <metrics statements="1" coveredstatements="1" conditionals="0" coveredconditionals="0" methods="2" coveredmethods="2"/>
        <line num="22" count="20" type="stmt"/>
      </file>
      <file name="VinylRecord.ts" path="/Users/lazaroeduardodasilva/Documents/cefet/202502/vinyl/src/core/domain/entities/VinylRecord.ts">
        <metrics statements="1" coveredstatements="1" conditionals="0" coveredconditionals="0" methods="2" coveredmethods="2"/>
        <line num="22" count="15" type="stmt"/>
      </file>
    </package>
    <package name="core.domain.use-cases">
      <metrics statements="78" coveredstatements="78" conditionals="40" coveredconditionals="38" methods="28" coveredmethods="28"/>
      <file name="BorrowVinylRecord.ts" path="/Users/lazaroeduardodasilva/Documents/cefet/202502/vinyl/src/core/domain/use-cases/BorrowVinylRecord.ts">
        <metrics statements="13" coveredstatements="13" conditionals="6" coveredconditionals="6" methods="2" coveredmethods="2"/>
        <line num="17" count="6" type="stmt"/>
        <line num="19" count="6" type="stmt"/>
        <line num="20" count="6" type="cond" truecount="2" falsecount="0"/>
        <line num="21" count="1" type="stmt"/>
        <line num="24" count="5" type="stmt"/>
        <line num="25" count="5" type="cond" truecount="2" falsecount="0"/>
        <line num="26" count="1" type="stmt"/>
        <line num="29" count="4" type="stmt"/>
        <line num="33" count="4" type="cond" truecount="2" falsecount="0"/>
        <line num="34" count="1" type="stmt"/>
        <line num="37" count="3" type="stmt"/>
        <line num="44" count="3" type="stmt"/>
        <line num="46" count="3" type="stmt"/>
      </file>
      <file name="DeleteUser.ts" path="/Users/lazaroeduardodasilva/Documents/cefet/202502/vinyl/src/core/domain/use-cases/DeleteUser.ts">
        <metrics statements="5" coveredstatements="5" conditionals="2" coveredconditionals="2" methods="2" coveredmethods="2"/>
        <line num="7" count="2" type="stmt"/>
        <line num="9" count="2" type="stmt"/>
        <line num="11" count="2" type="cond" truecount="2" falsecount="0"/>
        <line num="12" count="1" type="stmt"/>
        <line num="15" count="1" type="stmt"/>
      </file>
      <file name="DeleteVinylRecord.ts" path="/Users/lazaroeduardodasilva/Documents/cefet/202502/vinyl/src/core/domain/use-cases/DeleteVinylRecord.ts">
        <metrics statements="5" coveredstatements="5" conditionals="2" coveredconditionals="2" methods="2" coveredmethods="2"/>
        <line num="7" count="2" type="stmt"/>
        <line num="9" count="2" type="stmt"/>
        <line num="11" count="2" type="cond" truecount="2" falsecount="0"/>
        <line num="12" count="1" type="stmt"/>
        <line num="15" count="1" type="stmt"/>
      </file>
      <file name="FindAllVinylRecords.ts" path="/Users/lazaroeduardodasilva/Documents/cefet/202502/vinyl/src/core/domain/use-cases/FindAllVinylRecords.ts">
        <metrics statements="1" coveredstatements="1" conditionals="0" coveredconditionals="0" methods="2" coveredmethods="2"/>
        <line num="8" count="1" type="stmt"/>
      </file>
      <file name="FindUser.ts" path="/Users/lazaroeduardodasilva/Documents/cefet/202502/vinyl/src/core/domain/use-cases/FindUser.ts">
        <metrics statements="1" coveredstatements="1" conditionals="0" coveredconditionals="0" methods="2" coveredmethods="2"/>
        <line num="8" count="2" type="stmt"/>
      </file>
      <file name="FindVinylRecord.ts" path="/Users/lazaroeduardodasilva/Documents/cefet/202502/vinyl/src/core/domain/use-cases/FindVinylRecord.ts">
        <metrics statements="1" coveredstatements="1" conditionals="0" coveredconditionals="0" methods="2" coveredmethods="2"/>
        <line num="8" count="2" type="stmt"/>
      </file>
      <file name="LoginUser.ts" path="/Users/lazaroeduardodasilva/Documents/cefet/202502/vinyl/src/core/domain/use-cases/LoginUser.ts">
        <metrics statements="9" coveredstatements="9" conditionals="4" coveredconditionals="4" methods="3" coveredmethods="3"/>
        <line num="12" count="3" type="stmt"/>
        <line num="14" count="3" type="stmt"/>
        <line num="16" count="3" type="cond" truecount="2" falsecount="0"/>
        <line num="17" count="1" type="stmt"/>
        <line num="20" count="2" type="stmt"/>
        <line num="25" count="2" type="cond" truecount="2" falsecount="0"/>
        <line num="26" count="1" type="stmt"/>
        <line num="29" count="1" type="stmt"/>
        <line num="36" count="2" type="stmt"/>
      </file>
      <file name="LogoutUser.ts" path="/Users/lazaroeduardodasilva/Documents/cefet/202502/vinyl/src/core/domain/use-cases/LogoutUser.ts">
        <metrics statements="1" coveredstatements="1" conditionals="0" coveredconditionals="0" methods="2" coveredmethods="2"/>
        <line num="7" count="1" type="stmt"/>
      </file>
      <file name="RegisterUser.ts" path="/Users/lazaroeduardodasilva/Documents/cefet/202502/vinyl/src/core/domain/use-cases/RegisterUser.ts">
        <metrics statements="9" coveredstatements="9" conditionals="2" coveredconditionals="2" methods="3" coveredmethods="3"/>
        <line num="18" count="15" type="stmt"/>
        <line num="20" count="15" type="stmt"/>
        <line num="22" count="15" type="cond" truecount="2" falsecount="0"/>
        <line num="23" count="1" type="stmt"/>
        <line num="26" count="14" type="stmt"/>
        <line num="28" count="14" type="stmt"/>
        <line num="36" count="14" type="stmt"/>
        <line num="38" count="14" type="stmt"/>
        <line num="42" count="14" type="stmt"/>
      </file>
      <file name="RegisterVinylRecord.ts" path="/Users/lazaroeduardodasilva/Documents/cefet/202502/vinyl/src/core/domain/use-cases/RegisterVinylRecord.ts">
        <metrics statements="4" coveredstatements="4" conditionals="0" coveredconditionals="0" methods="2" coveredmethods="2"/>
        <line num="16" count="11" type="stmt"/>
        <line num="18" count="11" type="stmt"/>
        <line num="27" count="11" type="stmt"/>
        <line num="29" count="11" type="stmt"/>
      </file>
      <file name="ReturnVinylRecord.ts" path="/Users/lazaroeduardodasilva/Documents/cefet/202502/vinyl/src/core/domain/use-cases/ReturnVinylRecord.ts">
        <metrics statements="7" coveredstatements="7" conditionals="2" coveredconditionals="2" methods="2" coveredmethods="2"/>
        <line num="8" count="2" type="stmt"/>
        <line num="10" count="2" type="stmt"/>
        <line num="12" count="2" type="cond" truecount="2" falsecount="0"/>
        <line num="13" count="1" type="stmt"/>
        <line num="16" count="1" type="stmt"/>
        <line num="18" count="1" type="stmt"/>
        <line num="20" count="1" type="stmt"/>
      </file>
      <file name="UpdateUser.ts" path="/Users/lazaroeduardodasilva/Documents/cefet/202502/vinyl/src/core/domain/use-cases/UpdateUser.ts">
        <metrics statements="10" coveredstatements="10" conditionals="10" coveredconditionals="10" methods="2" coveredmethods="2"/>
        <line num="17" count="5" type="stmt"/>
        <line num="19" count="5" type="stmt"/>
        <line num="21" count="5" type="cond" truecount="2" falsecount="0"/>
        <line num="22" count="1" type="stmt"/>
        <line num="25" count="4" type="cond" truecount="2" falsecount="0"/>
        <line num="26" count="4" type="cond" truecount="2" falsecount="0"/>
        <line num="27" count="4" type="cond" truecount="4" falsecount="0"/>
        <line num="29" count="4" type="stmt"/>
        <line num="37" count="4" type="stmt"/>
        <line num="39" count="4" type="stmt"/>
      </file>
      <file name="UpdateVinylRecord.ts" path="/Users/lazaroeduardodasilva/Documents/cefet/202502/vinyl/src/core/domain/use-cases/UpdateVinylRecord.ts">
        <metrics statements="12" coveredstatements="12" conditionals="12" coveredconditionals="10" methods="2" coveredmethods="2"/>
        <line num="17" count="3" type="stmt"/>
        <line num="19" count="3" type="stmt"/>
        <line num="21" count="3" type="cond" truecount="2" falsecount="0"/>
        <line num="22" count="1" type="stmt"/>
        <line num="25" count="2" type="cond" truecount="1" falsecount="1"/>
        <line num="26" count="2" type="cond" truecount="2" falsecount="0"/>
        <line num="27" count="2" type="cond" truecount="2" falsecount="0"/>
        <line num="28" count="2" type="cond" truecount="2" falsecount="0"/>
        <line num="29" count="2" type="cond" truecount="1" falsecount="1"/>
        <line num="31" count="2" type="stmt"/>
        <line num="40" count="2" type="stmt"/>
        <line num="42" count="2" type="stmt"/>
      </file>
    </package>
    <package name="core.domain.value-objects">
      <metrics statements="24" coveredstatements="24" conditionals="14" coveredconditionals="14" methods="15" coveredmethods="15"/>
      <file name="Email.ts" path="/Users/lazaroeduardodasilva/Documents/cefet/202502/vinyl/src/core/domain/value-objects/Email.ts">
        <metrics statements="5" coveredstatements="5" conditionals="2" coveredconditionals="2" methods="3" coveredmethods="3"/>
        <line num="5" count="19" type="cond" truecount="2" falsecount="0"/>
        <line num="6" count="1" type="stmt"/>
        <line num="8" count="18" type="stmt"/>
        <line num="12" count="19" type="stmt"/>
        <line num="13" count="19" type="stmt"/>
      </file>
      <file name="GeoCoordinates.ts" path="/Users/lazaroeduardodasilva/Documents/cefet/202502/vinyl/src/core/domain/value-objects/GeoCoordinates.ts">
        <metrics statements="4" coveredstatements="4" conditionals="6" coveredconditionals="6" methods="3" coveredmethods="3"/>
        <line num="5" count="20" type="cond" truecount="2" falsecount="0"/>
        <line num="6" count="2" type="stmt"/>
        <line num="8" count="18" type="stmt"/>
        <line num="12" count="20" type="cond" truecount="4" falsecount="0"/>
      </file>
      <file name="Name.ts" path="/Users/lazaroeduardodasilva/Documents/cefet/202502/vinyl/src/core/domain/value-objects/Name.ts">
        <metrics statements="4" coveredstatements="4" conditionals="2" coveredconditionals="2" methods="3" coveredmethods="3"/>
        <line num="5" count="46" type="cond" truecount="2" falsecount="0"/>
        <line num="6" count="1" type="stmt"/>
        <line num="8" count="45" type="stmt"/>
        <line num="12" count="46" type="stmt"/>
      </file>
      <file name="Password.ts" path="/Users/lazaroeduardodasilva/Documents/cefet/202502/vinyl/src/core/domain/value-objects/Password.ts">
        <metrics statements="4" coveredstatements="4" conditionals="2" coveredconditionals="2" methods="3" coveredmethods="3"/>
        <line num="5" count="18" type="cond" truecount="2" falsecount="0"/>
        <line num="6" count="1" type="stmt"/>
        <line num="8" count="17" type="stmt"/>
        <line num="12" count="18" type="stmt"/>
      </file>
      <file name="Photo.ts" path="/Users/lazaroeduardodasilva/Documents/cefet/202502/vinyl/src/core/domain/value-objects/Photo.ts">
        <metrics statements="7" coveredstatements="7" conditionals="2" coveredconditionals="2" methods="3" coveredmethods="3"/>
        <line num="5" count="15" type="cond" truecount="2" falsecount="0"/>
        <line num="6" count="1" type="stmt"/>
        <line num="8" count="14" type="stmt"/>
        <line num="12" count="15" type="stmt"/>
        <line num="13" count="15" type="stmt"/>
        <line num="14" count="14" type="stmt"/>
        <line num="16" count="1" type="stmt"/>
      </file>
    </package>
    <package name="core.factories">
      <metrics statements="21" coveredstatements="21" conditionals="0" coveredconditionals="0" methods="3" coveredmethods="3"/>
      <file name="makeLoanUseCases.ts" path="/Users/lazaroeduardodasilva/Documents/cefet/202502/vinyl/src/core/factories/makeLoanUseCases.ts">
        <metrics statements="6" coveredstatements="6" conditionals="0" coveredconditionals="0" methods="1" coveredmethods="1"/>
        <line num="11" count="1" type="stmt"/>
        <line num="12" count="1" type="stmt"/>
        <line num="13" count="1" type="stmt"/>
        <line num="15" count="1" type="stmt"/>
        <line num="20" count="1" type="stmt"/>
        <line num="22" count="1" type="stmt"/>
      </file>
      <file name="makeUserUseCases.ts" path="/Users/lazaroeduardodasilva/Documents/cefet/202502/vinyl/src/core/factories/makeUserUseCases.ts">
        <metrics statements="8" coveredstatements="8" conditionals="0" coveredconditionals="0" methods="1" coveredmethods="1"/>
        <line num="11" count="1" type="stmt"/>
        <line num="13" count="1" type="stmt"/>
        <line num="14" count="1" type="stmt"/>
        <line num="15" count="1" type="stmt"/>
        <line num="16" count="1" type="stmt"/>
        <line num="17" count="1" type="stmt"/>
        <line num="18" count="1" type="stmt"/>
        <line num="20" count="1" type="stmt"/>
      </file>
      <file name="makeVinylRecordUseCases.ts" path="/Users/lazaroeduardodasilva/Documents/cefet/202502/vinyl/src/core/factories/makeVinylRecordUseCases.ts">
        <metrics statements="7" coveredstatements="7" conditionals="0" coveredconditionals="0" methods="1" coveredmethods="1"/>
        <line num="10" count="1" type="stmt"/>
        <line num="12" count="1" type="stmt"/>
        <line num="13" count="1" type="stmt"/>
        <line num="14" count="1" type="stmt"/>
        <line num="15" count="1" type="stmt"/>
        <line num="16" count="1" type="stmt"/>
        <line num="18" count="1" type="stmt"/>
      </file>
    </package>
    <package name="core.infra.repositories">
      <metrics statements="24" coveredstatements="23" conditionals="18" coveredconditionals="18" methods="26" coveredmethods="24"/>
      <file name="MockLoanRepository.ts" path="/Users/lazaroeduardodasilva/Documents/cefet/202502/vinyl/src/core/infra/repositories/MockLoanRepository.ts">
        <metrics statements="8" coveredstatements="7" conditionals="8" coveredconditionals="8" methods="9" coveredmethods="7"/>
        <line num="5" count="8" type="stmt"/>
        <line num="8" count="3" type="stmt"/>
        <line num="12" count="2" type="cond" truecount="2" falsecount="0"/>
        <line num="16" count="0" type="stmt"/>
        <line num="20" count="4" type="cond" truecount="4" falsecount="0"/>
        <line num="24" count="2" type="stmt"/>
        <line num="25" count="2" type="cond" truecount="2" falsecount="0"/>
        <line num="26" count="1" type="stmt"/>
      </file>
      <file name="MockUserRepository.ts" path="/Users/lazaroeduardodasilva/Documents/cefet/202502/vinyl/src/core/infra/repositories/MockUserRepository.ts">
        <metrics statements="8" coveredstatements="8" conditionals="6" coveredconditionals="6" methods="9" coveredmethods="9"/>
        <line num="5" count="22" type="stmt"/>
        <line num="8" count="14" type="stmt"/>
        <line num="12" count="19" type="cond" truecount="2" falsecount="0"/>
        <line num="16" count="16" type="cond" truecount="2" falsecount="0"/>
        <line num="20" count="5" type="stmt"/>
        <line num="21" count="5" type="cond" truecount="2" falsecount="0"/>
        <line num="22" count="4" type="stmt"/>
        <line num="27" count="1" type="stmt"/>
      </file>
      <file name="MockVinylRecordRepository.ts" path="/Users/lazaroeduardodasilva/Documents/cefet/202502/vinyl/src/core/infra/repositories/MockVinylRecordRepository.ts">
        <metrics statements="8" coveredstatements="8" conditionals="4" coveredconditionals="4" methods="8" coveredmethods="8"/>
        <line num="5" count="17" type="stmt"/>
        <line num="8" count="11" type="stmt"/>
        <line num="12" count="14" type="cond" truecount="2" falsecount="0"/>
        <line num="16" count="1" type="stmt"/>
        <line num="20" count="3" type="stmt"/>
        <line num="21" count="3" type="cond" truecount="2" falsecount="0"/>
        <line num="22" count="2" type="stmt"/>
        <line num="27" count="1" type="stmt"/>
      </file>
    </package>
    <package name="screens.Login">
      <metrics statements="14" coveredstatements="12" conditionals="6" coveredconditionals="4" methods="3" coveredmethods="2"/>
      <file name="index.tsx" path="/Users/lazaroeduardodasilva/Documents/cefet/202502/vinyl/src/screens/Login/index.tsx">
        <metrics statements="13" coveredstatements="11" conditionals="6" coveredconditionals="4" methods="3" coveredmethods="2"/>
        <line num="12" count="5" type="stmt"/>
        <line num="13" count="5" type="stmt"/>
        <line num="14" count="5" type="stmt"/>
        <line num="15" count="5" type="stmt"/>
        <line num="16" count="5" type="stmt"/>
        <line num="19" count="1" type="stmt"/>
        <line num="20" count="1" type="stmt"/>
        <line num="21" count="1" type="stmt"/>
        <line num="22" count="1" type="stmt"/>
        <line num="24" count="0" type="stmt"/>
        <line num="26" count="1" type="stmt"/>
        <line num="30" count="5" type="stmt"/>
        <line num="64" count="0" type="stmt"/>
      </file>
      <file name="styles.ts" path="/Users/lazaroeduardodasilva/Documents/cefet/202502/vinyl/src/screens/Login/styles.ts">
        <metrics statements="1" coveredstatements="1" conditionals="0" coveredconditionals="0" methods="0" coveredmethods="0"/>
        <line num="3" count="1" type="stmt"/>
      </file>
    </package>
    <package name="screens.Register">
      <metrics statements="17" coveredstatements="15" conditionals="6" coveredconditionals="4" methods="3" coveredmethods="2"/>
      <file name="index.tsx" path="/Users/lazaroeduardodasilva/Documents/cefet/202502/vinyl/src/screens/Register/index.tsx">
        <metrics statements="16" coveredstatements="14" conditionals="6" coveredconditionals="4" methods="3" coveredmethods="2"/>
        <line num="12" count="6" type="stmt"/>
        <line num="13" count="6" type="stmt"/>
        <line num="14" count="6" type="stmt"/>
        <line num="15" count="6" type="stmt"/>
        <line num="16" count="6" type="stmt"/>
        <line num="17" count="6" type="stmt"/>
        <line num="20" count="1" type="stmt"/>
        <line num="21" count="1" type="stmt"/>
        <line num="22" count="1" type="stmt"/>
        <line num="23" count="1" type="stmt"/>
        <line num="30" count="1" type="stmt"/>
        <line num="31" count="1" type="stmt"/>
        <line num="33" count="0" type="stmt"/>
        <line num="35" count="1" type="stmt"/>
        <line num="39" count="6" type="stmt"/>
        <line num="83" count="0" type="stmt"/>
      </file>
      <file name="styles.ts" path="/Users/lazaroeduardodasilva/Documents/cefet/202502/vinyl/src/screens/Register/styles.ts">
        <metrics statements="1" coveredstatements="1" conditionals="0" coveredconditionals="0" methods="0" coveredmethods="0"/>
        <line num="3" count="1" type="stmt"/>
      </file>
    </package>
    <package name="styles">
      <metrics statements="1" coveredstatements="1" conditionals="0" coveredconditionals="0" methods="0" coveredmethods="0"/>
      <file name="colors.ts" path="/Users/lazaroeduardodasilva/Documents/cefet/202502/vinyl/src/styles/colors.ts">
        <metrics statements="1" coveredstatements="1" conditionals="0" coveredconditionals="0" methods="0" coveredmethods="0"/>
        <line num="1" count="2" type="stmt"/>
      </file>
    </package>
  </project>
</coverage>
