{"/Users/lazaroeduardodasilva/Documents/cefet/202502/vinyl/src/components/index.ts": {"path":"/Users/lazaroeduardodasilva/Documents/cefet/202502/vinyl/src/components/index.ts","statementMap":{},"fnMap":{},"branchMap":{},"s":{},"f":{},"b":{},"_coverageSchema":"1a1c01bbd47fc00a2c39e90264f33305004495a9","hash":"0f88e07def4c5c7c0f08309b8ba802e16670fb8d"}
,"/Users/lazaroeduardodasilva/Documents/cefet/202502/vinyl/src/components/ButtonInterface/index.tsx": {"path":"/Users/lazaroeduardodasilva/Documents/cefet/202502/vinyl/src/components/ButtonInterface/index.tsx","statementMap":{"0":{"start":{"line":8,"column":2},"end":{"line":18,"column":3}}},"fnMap":{"0":{"name":"ButtonInterface","decl":{"start":{"line":7,"column":16},"end":{"line":7,"column":31}},"loc":{"start":{"line":7,"column":71},"end":{"line":19,"column":1}},"line":7}},"branchMap":{"0":{"loc":{"start":{"line":10,"column":6},"end":{"line":12,"column":28}},"type":"cond-expr","locations":[{"start":{"line":10,"column":26},"end":{"line":10,"column":46}},{"start":{"line":11,"column":8},"end":{"line":12,"column":28}}],"line":10},"1":{"loc":{"start":{"line":11,"column":8},"end":{"line":12,"column":28}},"type":"cond-expr","locations":[{"start":{"line":11,"column":30},"end":{"line":11,"column":52}},{"start":{"line":12,"column":10},"end":{"line":12,"column":28}}],"line":11}},"s":{"0":20},"f":{"0":20},"b":{"0":[10,10],"1":[10,0]},"_coverageSchema":"1a1c01bbd47fc00a2c39e90264f33305004495a9","hash":"49aa147f6ed7aaab84f84d491b178b7a16b56d9f"}
,"/Users/lazaroeduardodasilva/Documents/cefet/202502/vinyl/src/components/ButtonInterface/styles.ts": {"path":"/Users/lazaroeduardodasilva/Documents/cefet/202502/vinyl/src/components/ButtonInterface/styles.ts","statementMap":{"0":{"start":{"line":4,"column":22},"end":{"line":27,"column":2}}},"fnMap":{},"branchMap":{},"s":{"0":2},"f":{},"b":{},"_coverageSchema":"1a1c01bbd47fc00a2c39e90264f33305004495a9","hash":"9cd8ba2d9016936902581f28a7a1f14ad763693f"}
,"/Users/lazaroeduardodasilva/Documents/cefet/202502/vinyl/src/components/Loading/index.tsx": {"path":"/Users/lazaroeduardodasilva/Documents/cefet/202502/vinyl/src/components/Loading/index.tsx","statementMap":{"0":{"start":{"line":5,"column":2},"end":{"line":10,"column":4}}},"fnMap":{"0":{"name":"Loading","decl":{"start":{"line":4,"column":16},"end":{"line":4,"column":23}},"loc":{"start":{"line":4,"column":26},"end":{"line":11,"column":1}},"line":4}},"branchMap":{},"s":{"0":2},"f":{"0":2},"b":{},"_coverageSchema":"1a1c01bbd47fc00a2c39e90264f33305004495a9","hash":"4bcda418e37c970fc73a56681a7bc4372cf49788"}
,"/Users/lazaroeduardodasilva/Documents/cefet/202502/vinyl/src/core/domain/entities/Loan.ts": {"path":"/Users/lazaroeduardodasilva/Documents/cefet/202502/vinyl/src/core/domain/entities/Loan.ts","statementMap":{"0":{"start":{"line":17,"column":4},"end":{"line":17,"column":69}},"1":{"start":{"line":21,"column":4},"end":{"line":23,"column":5}},"2":{"start":{"line":22,"column":6},"end":{"line":22,"column":47}},"3":{"start":{"line":24,"column":4},"end":{"line":24,"column":89}}},"fnMap":{"0":{"name":"(anonymous_0)","decl":{"start":{"line":2,"column":2},"end":{"line":2,"column":3}},"loc":{"start":{"line":8,"column":4},"end":{"line":8,"column":6}},"line":8},"1":{"name":"(anonymous_1)","decl":{"start":{"line":10,"column":2},"end":{"line":10,"column":3}},"loc":{"start":{"line":16,"column":10},"end":{"line":18,"column":3}},"line":16},"2":{"name":"(anonymous_2)","decl":{"start":{"line":20,"column":2},"end":{"line":20,"column":3}},"loc":{"start":{"line":20,"column":17},"end":{"line":25,"column":3}},"line":20}},"branchMap":{"0":{"loc":{"start":{"line":21,"column":4},"end":{"line":23,"column":5}},"type":"if","locations":[{"start":{"line":21,"column":4},"end":{"line":23,"column":5}},{"start":{},"end":{}}],"line":21}},"s":{"0":7,"1":3,"2":1,"3":2},"f":{"0":9,"1":7,"2":3},"b":{"0":[1,2]},"_coverageSchema":"1a1c01bbd47fc00a2c39e90264f33305004495a9","hash":"28ff58cfa9ab6e2e30e2dca0837ea3329f9fdfc1"}
,"/Users/lazaroeduardodasilva/Documents/cefet/202502/vinyl/src/core/domain/entities/User.ts": {"path":"/Users/lazaroeduardodasilva/Documents/cefet/202502/vinyl/src/core/domain/entities/User.ts","statementMap":{"0":{"start":{"line":22,"column":4},"end":{"line":22,"column":57}}},"fnMap":{"0":{"name":"(anonymous_0)","decl":{"start":{"line":7,"column":2},"end":{"line":7,"column":3}},"loc":{"start":{"line":13,"column":4},"end":{"line":13,"column":6}},"line":13},"1":{"name":"(anonymous_1)","decl":{"start":{"line":15,"column":2},"end":{"line":15,"column":3}},"loc":{"start":{"line":21,"column":10},"end":{"line":23,"column":3}},"line":21}},"branchMap":{},"s":{"0":20},"f":{"0":20,"1":20},"b":{},"_coverageSchema":"1a1c01bbd47fc00a2c39e90264f33305004495a9","hash":"683d72a750d76302cce9b3a431b08e714cb3a596"}
,"/Users/lazaroeduardodasilva/Documents/cefet/202502/vinyl/src/core/domain/entities/VinylRecord.ts": {"path":"/Users/lazaroeduardodasilva/Documents/cefet/202502/vinyl/src/core/domain/entities/VinylRecord.ts","statementMap":{"0":{"start":{"line":22,"column":4},"end":{"line":22,"column":73}}},"fnMap":{"0":{"name":"(anonymous_0)","decl":{"start":{"line":5,"column":2},"end":{"line":5,"column":3}},"loc":{"start":{"line":12,"column":4},"end":{"line":12,"column":6}},"line":12},"1":{"name":"(anonymous_1)","decl":{"start":{"line":14,"column":2},"end":{"line":14,"column":3}},"loc":{"start":{"line":21,"column":17},"end":{"line":23,"column":3}},"line":21}},"branchMap":{},"s":{"0":15},"f":{"0":15,"1":15},"b":{},"_coverageSchema":"1a1c01bbd47fc00a2c39e90264f33305004495a9","hash":"d7cb41edcf1f679a429fe89654b81e2730084903"}
,"/Users/lazaroeduardodasilva/Documents/cefet/202502/vinyl/src/core/domain/use-cases/BorrowVinylRecord.ts": {"path":"/Users/lazaroeduardodasilva/Documents/cefet/202502/vinyl/src/core/domain/use-cases/BorrowVinylRecord.ts","statementMap":{"0":{"start":{"line":17,"column":38},"end":{"line":17,"column":44}},"1":{"start":{"line":19,"column":17},"end":{"line":19,"column":59}},"2":{"start":{"line":20,"column":4},"end":{"line":22,"column":5}},"3":{"start":{"line":21,"column":6},"end":{"line":21,"column":40}},"4":{"start":{"line":24,"column":24},"end":{"line":24,"column":80}},"5":{"start":{"line":25,"column":4},"end":{"line":27,"column":5}},"6":{"start":{"line":26,"column":6},"end":{"line":26,"column":48}},"7":{"start":{"line":29,"column":24},"end":{"line":31,"column":5}},"8":{"start":{"line":33,"column":4},"end":{"line":35,"column":5}},"9":{"start":{"line":34,"column":6},"end":{"line":34,"column":57}},"10":{"start":{"line":37,"column":17},"end":{"line":42,"column":5}},"11":{"start":{"line":44,"column":4},"end":{"line":44,"column":41}},"12":{"start":{"line":46,"column":4},"end":{"line":46,"column":16}}},"fnMap":{"0":{"name":"(anonymous_0)","decl":{"start":{"line":7,"column":2},"end":{"line":7,"column":3}},"loc":{"start":{"line":11,"column":4},"end":{"line":11,"column":6}},"line":11},"1":{"name":"(anonymous_1)","decl":{"start":{"line":13,"column":2},"end":{"line":13,"column":3}},"loc":{"start":{"line":16,"column":20},"end":{"line":47,"column":3}},"line":16}},"branchMap":{"0":{"loc":{"start":{"line":20,"column":4},"end":{"line":22,"column":5}},"type":"if","locations":[{"start":{"line":20,"column":4},"end":{"line":22,"column":5}},{"start":{},"end":{}}],"line":20},"1":{"loc":{"start":{"line":25,"column":4},"end":{"line":27,"column":5}},"type":"if","locations":[{"start":{"line":25,"column":4},"end":{"line":27,"column":5}},{"start":{},"end":{}}],"line":25},"2":{"loc":{"start":{"line":33,"column":4},"end":{"line":35,"column":5}},"type":"if","locations":[{"start":{"line":33,"column":4},"end":{"line":35,"column":5}},{"start":{},"end":{}}],"line":33}},"s":{"0":6,"1":6,"2":6,"3":1,"4":5,"5":5,"6":1,"7":4,"8":4,"9":1,"10":3,"11":3,"12":3},"f":{"0":6,"1":6},"b":{"0":[1,5],"1":[1,4],"2":[1,3]},"_coverageSchema":"1a1c01bbd47fc00a2c39e90264f33305004495a9","hash":"6d7b2261cfe3d53546c41ababd8401402bcf0f38"}
,"/Users/lazaroeduardodasilva/Documents/cefet/202502/vinyl/src/core/domain/use-cases/DeleteUser.ts": {"path":"/Users/lazaroeduardodasilva/Documents/cefet/202502/vinyl/src/core/domain/use-cases/DeleteUser.ts","statementMap":{"0":{"start":{"line":7,"column":19},"end":{"line":7,"column":25}},"1":{"start":{"line":9,"column":17},"end":{"line":9,"column":55}},"2":{"start":{"line":11,"column":4},"end":{"line":13,"column":5}},"3":{"start":{"line":12,"column":6},"end":{"line":12,"column":40}},"4":{"start":{"line":15,"column":4},"end":{"line":15,"column":41}}},"fnMap":{"0":{"name":"(anonymous_0)","decl":{"start":{"line":4,"column":2},"end":{"line":4,"column":3}},"loc":{"start":{"line":4,"column":64},"end":{"line":4,"column":66}},"line":4},"1":{"name":"(anonymous_1)","decl":{"start":{"line":6,"column":2},"end":{"line":6,"column":3}},"loc":{"start":{"line":6,"column":55},"end":{"line":16,"column":3}},"line":6}},"branchMap":{"0":{"loc":{"start":{"line":11,"column":4},"end":{"line":13,"column":5}},"type":"if","locations":[{"start":{"line":11,"column":4},"end":{"line":13,"column":5}},{"start":{},"end":{}}],"line":11}},"s":{"0":2,"1":2,"2":2,"3":1,"4":1},"f":{"0":3,"1":2},"b":{"0":[1,1]},"_coverageSchema":"1a1c01bbd47fc00a2c39e90264f33305004495a9","hash":"2e554a0259f622137ea7d6203558f2c649a705da"}
,"/Users/lazaroeduardodasilva/Documents/cefet/202502/vinyl/src/core/domain/use-cases/DeleteVinylRecord.ts": {"path":"/Users/lazaroeduardodasilva/Documents/cefet/202502/vinyl/src/core/domain/use-cases/DeleteVinylRecord.ts","statementMap":{"0":{"start":{"line":7,"column":19},"end":{"line":7,"column":25}},"1":{"start":{"line":9,"column":19},"end":{"line":9,"column":64}},"2":{"start":{"line":11,"column":4},"end":{"line":13,"column":5}},"3":{"start":{"line":12,"column":6},"end":{"line":12,"column":48}},"4":{"start":{"line":15,"column":4},"end":{"line":15,"column":48}}},"fnMap":{"0":{"name":"(anonymous_0)","decl":{"start":{"line":4,"column":2},"end":{"line":4,"column":3}},"loc":{"start":{"line":4,"column":78},"end":{"line":4,"column":80}},"line":4},"1":{"name":"(anonymous_1)","decl":{"start":{"line":6,"column":2},"end":{"line":6,"column":3}},"loc":{"start":{"line":6,"column":55},"end":{"line":16,"column":3}},"line":6}},"branchMap":{"0":{"loc":{"start":{"line":11,"column":4},"end":{"line":13,"column":5}},"type":"if","locations":[{"start":{"line":11,"column":4},"end":{"line":13,"column":5}},{"start":{},"end":{}}],"line":11}},"s":{"0":2,"1":2,"2":2,"3":1,"4":1},"f":{"0":3,"1":2},"b":{"0":[1,1]},"_coverageSchema":"1a1c01bbd47fc00a2c39e90264f33305004495a9","hash":"914e257d281c1ca44fa6ba39e04f5345519c0d5b"}
,"/Users/lazaroeduardodasilva/Documents/cefet/202502/vinyl/src/core/domain/use-cases/FindAllVinylRecords.ts": {"path":"/Users/lazaroeduardodasilva/Documents/cefet/202502/vinyl/src/core/domain/use-cases/FindAllVinylRecords.ts","statementMap":{"0":{"start":{"line":8,"column":4},"end":{"line":8,"column":48}}},"fnMap":{"0":{"name":"(anonymous_0)","decl":{"start":{"line":5,"column":2},"end":{"line":5,"column":3}},"loc":{"start":{"line":5,"column":78},"end":{"line":5,"column":80}},"line":5},"1":{"name":"(anonymous_1)","decl":{"start":{"line":7,"column":2},"end":{"line":7,"column":3}},"loc":{"start":{"line":7,"column":42},"end":{"line":9,"column":3}},"line":7}},"branchMap":{},"s":{"0":1},"f":{"0":2,"1":1},"b":{},"_coverageSchema":"1a1c01bbd47fc00a2c39e90264f33305004495a9","hash":"3a90eec4c01a5561d370cb4739909657f819a036"}
,"/Users/lazaroeduardodasilva/Documents/cefet/202502/vinyl/src/core/domain/use-cases/FindUser.ts": {"path":"/Users/lazaroeduardodasilva/Documents/cefet/202502/vinyl/src/core/domain/use-cases/FindUser.ts","statementMap":{"0":{"start":{"line":8,"column":4},"end":{"line":8,"column":51}}},"fnMap":{"0":{"name":"(anonymous_0)","decl":{"start":{"line":5,"column":2},"end":{"line":5,"column":3}},"loc":{"start":{"line":5,"column":64},"end":{"line":5,"column":66}},"line":5},"1":{"name":"(anonymous_1)","decl":{"start":{"line":7,"column":2},"end":{"line":7,"column":3}},"loc":{"start":{"line":7,"column":62},"end":{"line":9,"column":3}},"line":7}},"branchMap":{},"s":{"0":2},"f":{"0":3,"1":2},"b":{},"_coverageSchema":"1a1c01bbd47fc00a2c39e90264f33305004495a9","hash":"160de250f703dad14bd8eff0688757dab421be33"}
,"/Users/lazaroeduardodasilva/Documents/cefet/202502/vinyl/src/core/domain/use-cases/FindVinylRecord.ts": {"path":"/Users/lazaroeduardodasilva/Documents/cefet/202502/vinyl/src/core/domain/use-cases/FindVinylRecord.ts","statementMap":{"0":{"start":{"line":8,"column":4},"end":{"line":8,"column":58}}},"fnMap":{"0":{"name":"(anonymous_0)","decl":{"start":{"line":5,"column":2},"end":{"line":5,"column":3}},"loc":{"start":{"line":5,"column":78},"end":{"line":5,"column":80}},"line":5},"1":{"name":"(anonymous_1)","decl":{"start":{"line":7,"column":2},"end":{"line":7,"column":3}},"loc":{"start":{"line":7,"column":69},"end":{"line":9,"column":3}},"line":7}},"branchMap":{},"s":{"0":2},"f":{"0":3,"1":2},"b":{},"_coverageSchema":"1a1c01bbd47fc00a2c39e90264f33305004495a9","hash":"a7dbfe7fef4f2a19b37d10308867a38715faaf0d"}
,"/Users/lazaroeduardodasilva/Documents/cefet/202502/vinyl/src/core/domain/use-cases/LoginUser.ts": {"path":"/Users/lazaroeduardodasilva/Documents/cefet/202502/vinyl/src/core/domain/use-cases/LoginUser.ts","statementMap":{"0":{"start":{"line":12,"column":32},"end":{"line":12,"column":38}},"1":{"start":{"line":14,"column":17},"end":{"line":14,"column":61}},"2":{"start":{"line":16,"column":4},"end":{"line":18,"column":5}},"3":{"start":{"line":17,"column":6},"end":{"line":17,"column":45}},"4":{"start":{"line":20,"column":28},"end":{"line":23,"column":5}},"5":{"start":{"line":25,"column":4},"end":{"line":27,"column":5}},"6":{"start":{"line":26,"column":6},"end":{"line":26,"column":45}},"7":{"start":{"line":29,"column":4},"end":{"line":29,"column":16}},"8":{"start":{"line":36,"column":4},"end":{"line":36,"column":51}}},"fnMap":{"0":{"name":"(anonymous_0)","decl":{"start":{"line":6,"column":2},"end":{"line":6,"column":3}},"loc":{"start":{"line":6,"column":64},"end":{"line":6,"column":66}},"line":6},"1":{"name":"(anonymous_1)","decl":{"start":{"line":8,"column":2},"end":{"line":8,"column":3}},"loc":{"start":{"line":11,"column":20},"end":{"line":30,"column":3}},"line":11},"2":{"name":"(anonymous_2)","decl":{"start":{"line":32,"column":2},"end":{"line":32,"column":3}},"loc":{"start":{"line":35,"column":22},"end":{"line":37,"column":3}},"line":35}},"branchMap":{"0":{"loc":{"start":{"line":16,"column":4},"end":{"line":18,"column":5}},"type":"if","locations":[{"start":{"line":16,"column":4},"end":{"line":18,"column":5}},{"start":{},"end":{}}],"line":16},"1":{"loc":{"start":{"line":25,"column":4},"end":{"line":27,"column":5}},"type":"if","locations":[{"start":{"line":25,"column":4},"end":{"line":27,"column":5}},{"start":{},"end":{}}],"line":25}},"s":{"0":3,"1":3,"2":3,"3":1,"4":2,"5":2,"6":1,"7":1,"8":2},"f":{"0":4,"1":3,"2":2},"b":{"0":[1,2],"1":[1,1]},"_coverageSchema":"1a1c01bbd47fc00a2c39e90264f33305004495a9","hash":"1e068947c0336a76f241fa2c88d1cca12e5ea68c"}
,"/Users/lazaroeduardodasilva/Documents/cefet/202502/vinyl/src/core/domain/use-cases/LogoutUser.ts": {"path":"/Users/lazaroeduardodasilva/Documents/cefet/202502/vinyl/src/core/domain/use-cases/LogoutUser.ts","statementMap":{"0":{"start":{"line":7,"column":4},"end":{"line":7,"column":53}}},"fnMap":{"0":{"name":"(anonymous_0)","decl":{"start":{"line":2,"column":2},"end":{"line":2,"column":3}},"loc":{"start":{"line":2,"column":16},"end":{"line":2,"column":18}},"line":2},"1":{"name":"(anonymous_1)","decl":{"start":{"line":4,"column":2},"end":{"line":4,"column":3}},"loc":{"start":{"line":4,"column":59},"end":{"line":8,"column":3}},"line":4}},"branchMap":{},"s":{"0":1},"f":{"0":2,"1":1},"b":{},"_coverageSchema":"1a1c01bbd47fc00a2c39e90264f33305004495a9","hash":"315e1582d863a846ccdd832542ecc39d2305fa1a"}
,"/Users/lazaroeduardodasilva/Documents/cefet/202502/vinyl/src/core/domain/use-cases/RegisterUser.ts": {"path":"/Users/lazaroeduardodasilva/Documents/cefet/202502/vinyl/src/core/domain/use-cases/RegisterUser.ts","statementMap":{"0":{"start":{"line":18,"column":59},"end":{"line":18,"column":65}},"1":{"start":{"line":20,"column":23},"end":{"line":20,"column":67}},"2":{"start":{"line":22,"column":4},"end":{"line":24,"column":5}},"3":{"start":{"line":23,"column":6},"end":{"line":23,"column":45}},"4":{"start":{"line":26,"column":27},"end":{"line":26,"column":60}},"5":{"start":{"line":28,"column":17},"end":{"line":34,"column":5}},"6":{"start":{"line":36,"column":4},"end":{"line":36,"column":41}},"7":{"start":{"line":38,"column":4},"end":{"line":38,"column":16}},"8":{"start":{"line":42,"column":4},"end":{"line":42,"column":32}}},"fnMap":{"0":{"name":"(anonymous_0)","decl":{"start":{"line":9,"column":2},"end":{"line":9,"column":3}},"loc":{"start":{"line":9,"column":64},"end":{"line":9,"column":66}},"line":9},"1":{"name":"(anonymous_1)","decl":{"start":{"line":11,"column":2},"end":{"line":11,"column":3}},"loc":{"start":{"line":17,"column":20},"end":{"line":39,"column":3}},"line":17},"2":{"name":"(anonymous_2)","decl":{"start":{"line":41,"column":2},"end":{"line":41,"column":3}},"loc":{"start":{"line":41,"column":64},"end":{"line":43,"column":3}},"line":41}},"branchMap":{"0":{"loc":{"start":{"line":22,"column":4},"end":{"line":24,"column":5}},"type":"if","locations":[{"start":{"line":22,"column":4},"end":{"line":24,"column":5}},{"start":{},"end":{}}],"line":22}},"s":{"0":15,"1":15,"2":15,"3":1,"4":14,"5":14,"6":14,"7":14,"8":14},"f":{"0":15,"1":15,"2":14},"b":{"0":[1,14]},"_coverageSchema":"1a1c01bbd47fc00a2c39e90264f33305004495a9","hash":"c0c99df10cd288272882456445a6260f1b40d9cc"}
,"/Users/lazaroeduardodasilva/Documents/cefet/202502/vinyl/src/core/domain/use-cases/RegisterVinylRecord.ts": {"path":"/Users/lazaroeduardodasilva/Documents/cefet/202502/vinyl/src/core/domain/use-cases/RegisterVinylRecord.ts","statementMap":{"0":{"start":{"line":16,"column":60},"end":{"line":16,"column":66}},"1":{"start":{"line":18,"column":19},"end":{"line":25,"column":5}},"2":{"start":{"line":27,"column":4},"end":{"line":27,"column":50}},"3":{"start":{"line":29,"column":4},"end":{"line":29,"column":18}}},"fnMap":{"0":{"name":"(anonymous_0)","decl":{"start":{"line":7,"column":2},"end":{"line":7,"column":3}},"loc":{"start":{"line":7,"column":78},"end":{"line":7,"column":80}},"line":7},"1":{"name":"(anonymous_1)","decl":{"start":{"line":9,"column":2},"end":{"line":9,"column":3}},"loc":{"start":{"line":15,"column":27},"end":{"line":30,"column":3}},"line":15}},"branchMap":{},"s":{"0":11,"1":11,"2":11,"3":11},"f":{"0":11,"1":11},"b":{},"_coverageSchema":"1a1c01bbd47fc00a2c39e90264f33305004495a9","hash":"e039af8146cc7ab8922b325dea3161282680130b"}
,"/Users/lazaroeduardodasilva/Documents/cefet/202502/vinyl/src/core/domain/use-cases/ReturnVinylRecord.ts": {"path":"/Users/lazaroeduardodasilva/Documents/cefet/202502/vinyl/src/core/domain/use-cases/ReturnVinylRecord.ts","statementMap":{"0":{"start":{"line":8,"column":23},"end":{"line":8,"column":29}},"1":{"start":{"line":10,"column":17},"end":{"line":10,"column":59}},"2":{"start":{"line":12,"column":4},"end":{"line":14,"column":5}},"3":{"start":{"line":13,"column":6},"end":{"line":13,"column":40}},"4":{"start":{"line":16,"column":25},"end":{"line":16,"column":38}},"5":{"start":{"line":18,"column":4},"end":{"line":18,"column":51}},"6":{"start":{"line":20,"column":4},"end":{"line":20,"column":24}}},"fnMap":{"0":{"name":"(anonymous_0)","decl":{"start":{"line":5,"column":2},"end":{"line":5,"column":3}},"loc":{"start":{"line":5,"column":64},"end":{"line":5,"column":66}},"line":5},"1":{"name":"(anonymous_1)","decl":{"start":{"line":7,"column":2},"end":{"line":7,"column":3}},"loc":{"start":{"line":7,"column":59},"end":{"line":21,"column":3}},"line":7}},"branchMap":{"0":{"loc":{"start":{"line":12,"column":4},"end":{"line":14,"column":5}},"type":"if","locations":[{"start":{"line":12,"column":4},"end":{"line":14,"column":5}},{"start":{},"end":{}}],"line":12}},"s":{"0":2,"1":2,"2":2,"3":1,"4":1,"5":1,"6":1},"f":{"0":3,"1":2},"b":{"0":[1,1]},"_coverageSchema":"1a1c01bbd47fc00a2c39e90264f33305004495a9","hash":"8e34ac66df86c292d7119321b1ab23b1bd8ffdf0"}
,"/Users/lazaroeduardodasilva/Documents/cefet/202502/vinyl/src/core/domain/use-cases/UpdateUser.ts": {"path":"/Users/lazaroeduardodasilva/Documents/cefet/202502/vinyl/src/core/domain/use-cases/UpdateUser.ts","statementMap":{"0":{"start":{"line":17,"column":53},"end":{"line":17,"column":59}},"1":{"start":{"line":19,"column":17},"end":{"line":19,"column":55}},"2":{"start":{"line":21,"column":4},"end":{"line":23,"column":5}},"3":{"start":{"line":22,"column":6},"end":{"line":22,"column":40}},"4":{"start":{"line":25,"column":20},"end":{"line":25,"column":56}},"5":{"start":{"line":26,"column":21},"end":{"line":26,"column":61}},"6":{"start":{"line":27,"column":24},"end":{"line":27,"column":106}},"7":{"start":{"line":29,"column":24},"end":{"line":35,"column":5}},"8":{"start":{"line":37,"column":4},"end":{"line":37,"column":50}},"9":{"start":{"line":39,"column":4},"end":{"line":39,"column":23}}},"fnMap":{"0":{"name":"(anonymous_0)","decl":{"start":{"line":8,"column":2},"end":{"line":8,"column":3}},"loc":{"start":{"line":8,"column":64},"end":{"line":8,"column":66}},"line":8},"1":{"name":"(anonymous_1)","decl":{"start":{"line":10,"column":2},"end":{"line":10,"column":3}},"loc":{"start":{"line":16,"column":20},"end":{"line":40,"column":3}},"line":16}},"branchMap":{"0":{"loc":{"start":{"line":21,"column":4},"end":{"line":23,"column":5}},"type":"if","locations":[{"start":{"line":21,"column":4},"end":{"line":23,"column":5}},{"start":{},"end":{}}],"line":21},"1":{"loc":{"start":{"line":25,"column":20},"end":{"line":25,"column":56}},"type":"cond-expr","locations":[{"start":{"line":25,"column":27},"end":{"line":25,"column":44}},{"start":{"line":25,"column":47},"end":{"line":25,"column":56}}],"line":25},"2":{"loc":{"start":{"line":26,"column":21},"end":{"line":26,"column":61}},"type":"cond-expr","locations":[{"start":{"line":26,"column":29},"end":{"line":26,"column":48}},{"start":{"line":26,"column":51},"end":{"line":26,"column":61}}],"line":26},"3":{"loc":{"start":{"line":27,"column":24},"end":{"line":27,"column":106}},"type":"cond-expr","locations":[{"start":{"line":27,"column":48},"end":{"line":27,"column":90}},{"start":{"line":27,"column":93},"end":{"line":27,"column":106}}],"line":27},"4":{"loc":{"start":{"line":27,"column":24},"end":{"line":27,"column":45}},"type":"binary-expr","locations":[{"start":{"line":27,"column":24},"end":{"line":27,"column":32}},{"start":{"line":27,"column":36},"end":{"line":27,"column":45}}],"line":27}},"s":{"0":5,"1":5,"2":5,"3":1,"4":4,"5":4,"6":4,"7":4,"8":4,"9":4},"f":{"0":6,"1":5},"b":{"0":[1,4],"1":[1,3],"2":[1,3],"3":[1,3],"4":[4,1]},"_coverageSchema":"1a1c01bbd47fc00a2c39e90264f33305004495a9","hash":"e5685abfa76d90d92b6a023666f6d76fb5432ef3"}
,"/Users/lazaroeduardodasilva/Documents/cefet/202502/vinyl/src/core/domain/use-cases/UpdateVinylRecord.ts": {"path":"/Users/lazaroeduardodasilva/Documents/cefet/202502/vinyl/src/core/domain/use-cases/UpdateVinylRecord.ts","statementMap":{"0":{"start":{"line":17,"column":64},"end":{"line":17,"column":70}},"1":{"start":{"line":19,"column":19},"end":{"line":19,"column":64}},"2":{"start":{"line":21,"column":4},"end":{"line":23,"column":5}},"3":{"start":{"line":22,"column":6},"end":{"line":22,"column":48}},"4":{"start":{"line":25,"column":20},"end":{"line":25,"column":58}},"5":{"start":{"line":26,"column":21},"end":{"line":26,"column":62}},"6":{"start":{"line":27,"column":20},"end":{"line":27,"column":39}},"7":{"start":{"line":28,"column":30},"end":{"line":28,"column":69}},"8":{"start":{"line":29,"column":21},"end":{"line":29,"column":69}},"9":{"start":{"line":31,"column":26},"end":{"line":38,"column":5}},"10":{"start":{"line":40,"column":4},"end":{"line":40,"column":59}},"11":{"start":{"line":42,"column":4},"end":{"line":42,"column":25}}},"fnMap":{"0":{"name":"(anonymous_0)","decl":{"start":{"line":7,"column":2},"end":{"line":7,"column":3}},"loc":{"start":{"line":7,"column":78},"end":{"line":7,"column":80}},"line":7},"1":{"name":"(anonymous_1)","decl":{"start":{"line":9,"column":2},"end":{"line":9,"column":3}},"loc":{"start":{"line":16,"column":27},"end":{"line":43,"column":3}},"line":16}},"branchMap":{"0":{"loc":{"start":{"line":21,"column":4},"end":{"line":23,"column":5}},"type":"if","locations":[{"start":{"line":21,"column":4},"end":{"line":23,"column":5}},{"start":{},"end":{}}],"line":21},"1":{"loc":{"start":{"line":25,"column":20},"end":{"line":25,"column":58}},"type":"cond-expr","locations":[{"start":{"line":25,"column":27},"end":{"line":25,"column":44}},{"start":{"line":25,"column":47},"end":{"line":25,"column":58}}],"line":25},"2":{"loc":{"start":{"line":26,"column":21},"end":{"line":26,"column":62}},"type":"cond-expr","locations":[{"start":{"line":26,"column":29},"end":{"line":26,"column":47}},{"start":{"line":26,"column":50},"end":{"line":26,"column":62}}],"line":26},"3":{"loc":{"start":{"line":27,"column":20},"end":{"line":27,"column":39}},"type":"binary-expr","locations":[{"start":{"line":27,"column":20},"end":{"line":27,"column":24}},{"start":{"line":27,"column":28},"end":{"line":27,"column":39}}],"line":27},"4":{"loc":{"start":{"line":28,"column":30},"end":{"line":28,"column":69}},"type":"binary-expr","locations":[{"start":{"line":28,"column":30},"end":{"line":28,"column":44}},{"start":{"line":28,"column":48},"end":{"line":28,"column":69}}],"line":28},"5":{"loc":{"start":{"line":29,"column":21},"end":{"line":29,"column":69}},"type":"cond-expr","locations":[{"start":{"line":29,"column":32},"end":{"line":29,"column":54}},{"start":{"line":29,"column":57},"end":{"line":29,"column":69}}],"line":29}},"s":{"0":3,"1":3,"2":3,"3":1,"4":2,"5":2,"6":2,"7":2,"8":2,"9":2,"10":2,"11":2},"f":{"0":4,"1":3},"b":{"0":[1,2],"1":[0,2],"2":[1,1],"3":[2,2],"4":[2,2],"5":[0,2]},"_coverageSchema":"1a1c01bbd47fc00a2c39e90264f33305004495a9","hash":"44e21f95604d1696166e4b882fdc0a137dc7c284"}
,"/Users/lazaroeduardodasilva/Documents/cefet/202502/vinyl/src/core/domain/value-objects/Email.ts": {"path":"/Users/lazaroeduardodasilva/Documents/cefet/202502/vinyl/src/core/domain/value-objects/Email.ts","statementMap":{"0":{"start":{"line":5,"column":4},"end":{"line":7,"column":5}},"1":{"start":{"line":6,"column":6},"end":{"line":6,"column":39}},"2":{"start":{"line":8,"column":4},"end":{"line":8,"column":28}},"3":{"start":{"line":12,"column":23},"end":{"line":12,"column":58}},"4":{"start":{"line":13,"column":4},"end":{"line":13,"column":34}}},"fnMap":{"0":{"name":"(anonymous_0)","decl":{"start":{"line":2,"column":2},"end":{"line":2,"column":3}},"loc":{"start":{"line":2,"column":46},"end":{"line":2,"column":48}},"line":2},"1":{"name":"(anonymous_1)","decl":{"start":{"line":4,"column":2},"end":{"line":4,"column":3}},"loc":{"start":{"line":4,"column":38},"end":{"line":9,"column":3}},"line":4},"2":{"name":"(anonymous_2)","decl":{"start":{"line":11,"column":2},"end":{"line":11,"column":3}},"loc":{"start":{"line":11,"column":50},"end":{"line":14,"column":3}},"line":11}},"branchMap":{"0":{"loc":{"start":{"line":5,"column":4},"end":{"line":7,"column":5}},"type":"if","locations":[{"start":{"line":5,"column":4},"end":{"line":7,"column":5}},{"start":{},"end":{}}],"line":5}},"s":{"0":19,"1":1,"2":18,"3":19,"4":19},"f":{"0":18,"1":19,"2":19},"b":{"0":[1,18]},"_coverageSchema":"1a1c01bbd47fc00a2c39e90264f33305004495a9","hash":"92e66c4e287b9f45c5c88eb3b1e58a4067aeab7a"}
,"/Users/lazaroeduardodasilva/Documents/cefet/202502/vinyl/src/core/domain/value-objects/GeoCoordinates.ts": {"path":"/Users/lazaroeduardodasilva/Documents/cefet/202502/vinyl/src/core/domain/value-objects/GeoCoordinates.ts","statementMap":{"0":{"start":{"line":5,"column":4},"end":{"line":7,"column":5}},"1":{"start":{"line":6,"column":6},"end":{"line":6,"column":49}},"2":{"start":{"line":8,"column":4},"end":{"line":8,"column":51}},"3":{"start":{"line":12,"column":4},"end":{"line":12,"column":86}}},"fnMap":{"0":{"name":"(anonymous_0)","decl":{"start":{"line":2,"column":2},"end":{"line":2,"column":3}},"loc":{"start":{"line":2,"column":77},"end":{"line":2,"column":79}},"line":2},"1":{"name":"(anonymous_1)","decl":{"start":{"line":4,"column":2},"end":{"line":4,"column":3}},"loc":{"start":{"line":4,"column":69},"end":{"line":9,"column":3}},"line":4},"2":{"name":"(anonymous_2)","decl":{"start":{"line":11,"column":2},"end":{"line":11,"column":3}},"loc":{"start":{"line":11,"column":72},"end":{"line":13,"column":3}},"line":11}},"branchMap":{"0":{"loc":{"start":{"line":5,"column":4},"end":{"line":7,"column":5}},"type":"if","locations":[{"start":{"line":5,"column":4},"end":{"line":7,"column":5}},{"start":{},"end":{}}],"line":5},"1":{"loc":{"start":{"line":12,"column":11},"end":{"line":12,"column":85}},"type":"binary-expr","locations":[{"start":{"line":12,"column":11},"end":{"line":12,"column":26}},{"start":{"line":12,"column":30},"end":{"line":12,"column":44}},{"start":{"line":12,"column":48},"end":{"line":12,"column":65}},{"start":{"line":12,"column":69},"end":{"line":12,"column":85}}],"line":12}},"s":{"0":20,"1":2,"2":18,"3":20},"f":{"0":18,"1":20,"2":20},"b":{"0":[2,18],"1":[20,20,19,19]},"_coverageSchema":"1a1c01bbd47fc00a2c39e90264f33305004495a9","hash":"9d11afa9e3d068ca6066dfcc2ed1d87aaeb625db"}
,"/Users/lazaroeduardodasilva/Documents/cefet/202502/vinyl/src/core/domain/value-objects/Name.ts": {"path":"/Users/lazaroeduardodasilva/Documents/cefet/202502/vinyl/src/core/domain/value-objects/Name.ts","statementMap":{"0":{"start":{"line":5,"column":4},"end":{"line":7,"column":5}},"1":{"start":{"line":6,"column":6},"end":{"line":6,"column":38}},"2":{"start":{"line":8,"column":4},"end":{"line":8,"column":26}},"3":{"start":{"line":12,"column":4},"end":{"line":12,"column":27}}},"fnMap":{"0":{"name":"(anonymous_0)","decl":{"start":{"line":2,"column":2},"end":{"line":2,"column":3}},"loc":{"start":{"line":2,"column":46},"end":{"line":2,"column":48}},"line":2},"1":{"name":"(anonymous_1)","decl":{"start":{"line":4,"column":2},"end":{"line":4,"column":3}},"loc":{"start":{"line":4,"column":36},"end":{"line":9,"column":3}},"line":4},"2":{"name":"(anonymous_2)","decl":{"start":{"line":11,"column":2},"end":{"line":11,"column":3}},"loc":{"start":{"line":11,"column":49},"end":{"line":13,"column":3}},"line":11}},"branchMap":{"0":{"loc":{"start":{"line":5,"column":4},"end":{"line":7,"column":5}},"type":"if","locations":[{"start":{"line":5,"column":4},"end":{"line":7,"column":5}},{"start":{},"end":{}}],"line":5}},"s":{"0":46,"1":1,"2":45,"3":46},"f":{"0":45,"1":46,"2":46},"b":{"0":[1,45]},"_coverageSchema":"1a1c01bbd47fc00a2c39e90264f33305004495a9","hash":"b029e0634dbe49c0fae69f0c10718e6f497608af"}
,"/Users/lazaroeduardodasilva/Documents/cefet/202502/vinyl/src/core/domain/value-objects/Password.ts": {"path":"/Users/lazaroeduardodasilva/Documents/cefet/202502/vinyl/src/core/domain/value-objects/Password.ts","statementMap":{"0":{"start":{"line":5,"column":4},"end":{"line":7,"column":5}},"1":{"start":{"line":6,"column":6},"end":{"line":6,"column":42}},"2":{"start":{"line":8,"column":4},"end":{"line":8,"column":34}},"3":{"start":{"line":12,"column":4},"end":{"line":12,"column":32}}},"fnMap":{"0":{"name":"(anonymous_0)","decl":{"start":{"line":2,"column":2},"end":{"line":2,"column":3}},"loc":{"start":{"line":2,"column":46},"end":{"line":2,"column":48}},"line":2},"1":{"name":"(anonymous_1)","decl":{"start":{"line":4,"column":2},"end":{"line":4,"column":3}},"loc":{"start":{"line":4,"column":44},"end":{"line":9,"column":3}},"line":4},"2":{"name":"(anonymous_2)","decl":{"start":{"line":11,"column":2},"end":{"line":11,"column":3}},"loc":{"start":{"line":11,"column":53},"end":{"line":13,"column":3}},"line":11}},"branchMap":{"0":{"loc":{"start":{"line":5,"column":4},"end":{"line":7,"column":5}},"type":"if","locations":[{"start":{"line":5,"column":4},"end":{"line":7,"column":5}},{"start":{},"end":{}}],"line":5}},"s":{"0":18,"1":1,"2":17,"3":18},"f":{"0":17,"1":18,"2":18},"b":{"0":[1,17]},"_coverageSchema":"1a1c01bbd47fc00a2c39e90264f33305004495a9","hash":"d529a0bc5957e7b291fb873b582a2e8fd5c65806"}
,"/Users/lazaroeduardodasilva/Documents/cefet/202502/vinyl/src/core/domain/value-objects/Photo.ts": {"path":"/Users/lazaroeduardodasilva/Documents/cefet/202502/vinyl/src/core/domain/value-objects/Photo.ts","statementMap":{"0":{"start":{"line":5,"column":4},"end":{"line":7,"column":5}},"1":{"start":{"line":6,"column":6},"end":{"line":6,"column":43}},"2":{"start":{"line":8,"column":4},"end":{"line":8,"column":26}},"3":{"start":{"line":12,"column":4},"end":{"line":17,"column":5}},"4":{"start":{"line":13,"column":6},"end":{"line":13,"column":19}},"5":{"start":{"line":14,"column":6},"end":{"line":14,"column":18}},"6":{"start":{"line":16,"column":6},"end":{"line":16,"column":19}}},"fnMap":{"0":{"name":"(anonymous_0)","decl":{"start":{"line":2,"column":2},"end":{"line":2,"column":3}},"loc":{"start":{"line":2,"column":44},"end":{"line":2,"column":46}},"line":2},"1":{"name":"(anonymous_1)","decl":{"start":{"line":4,"column":2},"end":{"line":4,"column":3}},"loc":{"start":{"line":4,"column":36},"end":{"line":9,"column":3}},"line":4},"2":{"name":"(anonymous_2)","decl":{"start":{"line":11,"column":2},"end":{"line":11,"column":3}},"loc":{"start":{"line":11,"column":48},"end":{"line":18,"column":3}},"line":11}},"branchMap":{"0":{"loc":{"start":{"line":5,"column":4},"end":{"line":7,"column":5}},"type":"if","locations":[{"start":{"line":5,"column":4},"end":{"line":7,"column":5}},{"start":{},"end":{}}],"line":5}},"s":{"0":15,"1":1,"2":14,"3":15,"4":15,"5":14,"6":1},"f":{"0":14,"1":15,"2":15},"b":{"0":[1,14]},"_coverageSchema":"1a1c01bbd47fc00a2c39e90264f33305004495a9","hash":"2af98211ba1318f830db5cad356c770e13f523fc"}
,"/Users/lazaroeduardodasilva/Documents/cefet/202502/vinyl/src/core/factories/makeLoanUseCases.ts": {"path":"/Users/lazaroeduardodasilva/Documents/cefet/202502/vinyl/src/core/factories/makeLoanUseCases.ts","statementMap":{"0":{"start":{"line":11,"column":42},"end":{"line":11,"column":66}},"1":{"start":{"line":12,"column":42},"end":{"line":12,"column":66}},"2":{"start":{"line":13,"column":56},"end":{"line":13,"column":87}},"3":{"start":{"line":15,"column":28},"end":{"line":19,"column":3}},"4":{"start":{"line":20,"column":28},"end":{"line":20,"column":65}},"5":{"start":{"line":22,"column":2},"end":{"line":25,"column":4}}},"fnMap":{"0":{"name":"makeLoanUseCases","decl":{"start":{"line":10,"column":16},"end":{"line":10,"column":32}},"loc":{"start":{"line":10,"column":35},"end":{"line":26,"column":1}},"line":10}},"branchMap":{},"s":{"0":1,"1":1,"2":1,"3":1,"4":1,"5":1},"f":{"0":1},"b":{},"_coverageSchema":"1a1c01bbd47fc00a2c39e90264f33305004495a9","hash":"829af0cc5db950d6d0b34ac9c8c8cc285b9eda36"}
,"/Users/lazaroeduardodasilva/Documents/cefet/202502/vinyl/src/core/factories/makeUserUseCases.ts": {"path":"/Users/lazaroeduardodasilva/Documents/cefet/202502/vinyl/src/core/factories/makeUserUseCases.ts","statementMap":{"0":{"start":{"line":11,"column":42},"end":{"line":11,"column":66}},"1":{"start":{"line":13,"column":23},"end":{"line":13,"column":55}},"2":{"start":{"line":14,"column":20},"end":{"line":14,"column":49}},"3":{"start":{"line":15,"column":21},"end":{"line":15,"column":37}},"4":{"start":{"line":16,"column":21},"end":{"line":16,"column":51}},"5":{"start":{"line":17,"column":21},"end":{"line":17,"column":51}},"6":{"start":{"line":18,"column":19},"end":{"line":18,"column":47}},"7":{"start":{"line":20,"column":2},"end":{"line":27,"column":4}}},"fnMap":{"0":{"name":"makeUserUseCases","decl":{"start":{"line":10,"column":16},"end":{"line":10,"column":32}},"loc":{"start":{"line":10,"column":35},"end":{"line":28,"column":1}},"line":10}},"branchMap":{},"s":{"0":1,"1":1,"2":1,"3":1,"4":1,"5":1,"6":1,"7":1},"f":{"0":1},"b":{},"_coverageSchema":"1a1c01bbd47fc00a2c39e90264f33305004495a9","hash":"b76595606d7f7a5bef30233b863fa479fef7d8fe"}
,"/Users/lazaroeduardodasilva/Documents/cefet/202502/vinyl/src/core/factories/makeVinylRecordUseCases.ts": {"path":"/Users/lazaroeduardodasilva/Documents/cefet/202502/vinyl/src/core/factories/makeVinylRecordUseCases.ts","statementMap":{"0":{"start":{"line":10,"column":56},"end":{"line":10,"column":87}},"1":{"start":{"line":12,"column":30},"end":{"line":12,"column":76}},"2":{"start":{"line":13,"column":28},"end":{"line":13,"column":72}},"3":{"start":{"line":14,"column":28},"end":{"line":14,"column":72}},"4":{"start":{"line":15,"column":26},"end":{"line":15,"column":68}},"5":{"start":{"line":16,"column":30},"end":{"line":16,"column":76}},"6":{"start":{"line":18,"column":2},"end":{"line":24,"column":4}}},"fnMap":{"0":{"name":"makeVinylRecordUseCases","decl":{"start":{"line":9,"column":16},"end":{"line":9,"column":39}},"loc":{"start":{"line":9,"column":42},"end":{"line":25,"column":1}},"line":9}},"branchMap":{},"s":{"0":1,"1":1,"2":1,"3":1,"4":1,"5":1,"6":1},"f":{"0":1},"b":{},"_coverageSchema":"1a1c01bbd47fc00a2c39e90264f33305004495a9","hash":"d4f2b23abcf387431e2ab6744db0377983e70706"}
,"/Users/lazaroeduardodasilva/Documents/cefet/202502/vinyl/src/core/infra/repositories/MockLoanRepository.ts": {"path":"/Users/lazaroeduardodasilva/Documents/cefet/202502/vinyl/src/core/infra/repositories/MockLoanRepository.ts","statementMap":{"0":{"start":{"line":5,"column":26},"end":{"line":5,"column":28}},"1":{"start":{"line":8,"column":4},"end":{"line":8,"column":26}},"2":{"start":{"line":12,"column":4},"end":{"line":12,"column":59}},"3":{"start":{"line":12,"column":35},"end":{"line":12,"column":49}},"4":{"start":{"line":16,"column":4},"end":{"line":16,"column":61}},"5":{"start":{"line":16,"column":37},"end":{"line":16,"column":59}},"6":{"start":{"line":20,"column":4},"end":{"line":20,"column":101}},"7":{"start":{"line":20,"column":35},"end":{"line":20,"column":91}},"8":{"start":{"line":24,"column":22},"end":{"line":24,"column":65}},"9":{"start":{"line":24,"column":48},"end":{"line":24,"column":64}},"10":{"start":{"line":25,"column":4},"end":{"line":27,"column":5}},"11":{"start":{"line":26,"column":6},"end":{"line":26,"column":35}}},"fnMap":{"0":{"name":"(anonymous_0)","decl":{"start":{"line":7,"column":2},"end":{"line":7,"column":3}},"loc":{"start":{"line":7,"column":40},"end":{"line":9,"column":3}},"line":7},"1":{"name":"(anonymous_1)","decl":{"start":{"line":11,"column":2},"end":{"line":11,"column":3}},"loc":{"start":{"line":11,"column":51},"end":{"line":13,"column":3}},"line":11},"2":{"name":"(anonymous_2)","decl":{"start":{"line":12,"column":27},"end":{"line":12,"column":28}},"loc":{"start":{"line":12,"column":35},"end":{"line":12,"column":49}},"line":12},"3":{"name":"(anonymous_3)","decl":{"start":{"line":15,"column":2},"end":{"line":15,"column":3}},"loc":{"start":{"line":15,"column":54},"end":{"line":17,"column":3}},"line":15},"4":{"name":"(anonymous_4)","decl":{"start":{"line":16,"column":29},"end":{"line":16,"column":30}},"loc":{"start":{"line":16,"column":37},"end":{"line":16,"column":59}},"line":16},"5":{"name":"(anonymous_5)","decl":{"start":{"line":19,"column":2},"end":{"line":19,"column":3}},"loc":{"start":{"line":19,"column":77},"end":{"line":21,"column":3}},"line":19},"6":{"name":"(anonymous_6)","decl":{"start":{"line":20,"column":27},"end":{"line":20,"column":28}},"loc":{"start":{"line":20,"column":35},"end":{"line":20,"column":91}},"line":20},"7":{"name":"(anonymous_7)","decl":{"start":{"line":23,"column":2},"end":{"line":23,"column":3}},"loc":{"start":{"line":23,"column":42},"end":{"line":28,"column":3}},"line":23},"8":{"name":"(anonymous_8)","decl":{"start":{"line":24,"column":43},"end":{"line":24,"column":44}},"loc":{"start":{"line":24,"column":48},"end":{"line":24,"column":64}},"line":24}},"branchMap":{"0":{"loc":{"start":{"line":12,"column":11},"end":{"line":12,"column":58}},"type":"binary-expr","locations":[{"start":{"line":12,"column":11},"end":{"line":12,"column":50}},{"start":{"line":12,"column":54},"end":{"line":12,"column":58}}],"line":12},"1":{"loc":{"start":{"line":20,"column":11},"end":{"line":20,"column":100}},"type":"binary-expr","locations":[{"start":{"line":20,"column":11},"end":{"line":20,"column":92}},{"start":{"line":20,"column":96},"end":{"line":20,"column":100}}],"line":20},"2":{"loc":{"start":{"line":20,"column":35},"end":{"line":20,"column":91}},"type":"binary-expr","locations":[{"start":{"line":20,"column":35},"end":{"line":20,"column":71}},{"start":{"line":20,"column":75},"end":{"line":20,"column":91}}],"line":20},"3":{"loc":{"start":{"line":25,"column":4},"end":{"line":27,"column":5}},"type":"if","locations":[{"start":{"line":25,"column":4},"end":{"line":27,"column":5}},{"start":{},"end":{}}],"line":25}},"s":{"0":8,"1":3,"2":2,"3":1,"4":0,"5":0,"6":4,"7":1,"8":2,"9":1,"10":2,"11":1},"f":{"0":3,"1":2,"2":1,"3":0,"4":0,"5":4,"6":1,"7":2,"8":1},"b":{"0":[2,1],"1":[4,3],"2":[1,1],"3":[1,1]},"_coverageSchema":"1a1c01bbd47fc00a2c39e90264f33305004495a9","hash":"0005ce40b5f9ed85ba939ee97e7d6f1c1e90de81"}
,"/Users/lazaroeduardodasilva/Documents/cefet/202502/vinyl/src/core/infra/repositories/MockUserRepository.ts": {"path":"/Users/lazaroeduardodasilva/Documents/cefet/202502/vinyl/src/core/infra/repositories/MockUserRepository.ts","statementMap":{"0":{"start":{"line":5,"column":26},"end":{"line":5,"column":28}},"1":{"start":{"line":8,"column":4},"end":{"line":8,"column":26}},"2":{"start":{"line":12,"column":4},"end":{"line":12,"column":71}},"3":{"start":{"line":12,"column":35},"end":{"line":12,"column":61}},"4":{"start":{"line":16,"column":4},"end":{"line":16,"column":59}},"5":{"start":{"line":16,"column":35},"end":{"line":16,"column":49}},"6":{"start":{"line":20,"column":22},"end":{"line":20,"column":65}},"7":{"start":{"line":20,"column":48},"end":{"line":20,"column":64}},"8":{"start":{"line":21,"column":4},"end":{"line":23,"column":5}},"9":{"start":{"line":22,"column":6},"end":{"line":22,"column":35}},"10":{"start":{"line":27,"column":4},"end":{"line":27,"column":59}},"11":{"start":{"line":27,"column":43},"end":{"line":27,"column":57}}},"fnMap":{"0":{"name":"(anonymous_0)","decl":{"start":{"line":7,"column":2},"end":{"line":7,"column":3}},"loc":{"start":{"line":7,"column":40},"end":{"line":9,"column":3}},"line":7},"1":{"name":"(anonymous_1)","decl":{"start":{"line":11,"column":2},"end":{"line":11,"column":3}},"loc":{"start":{"line":11,"column":57},"end":{"line":13,"column":3}},"line":11},"2":{"name":"(anonymous_2)","decl":{"start":{"line":12,"column":27},"end":{"line":12,"column":28}},"loc":{"start":{"line":12,"column":35},"end":{"line":12,"column":61}},"line":12},"3":{"name":"(anonymous_3)","decl":{"start":{"line":15,"column":2},"end":{"line":15,"column":3}},"loc":{"start":{"line":15,"column":51},"end":{"line":17,"column":3}},"line":15},"4":{"name":"(anonymous_4)","decl":{"start":{"line":16,"column":27},"end":{"line":16,"column":28}},"loc":{"start":{"line":16,"column":35},"end":{"line":16,"column":49}},"line":16},"5":{"name":"(anonymous_5)","decl":{"start":{"line":19,"column":2},"end":{"line":19,"column":3}},"loc":{"start":{"line":19,"column":42},"end":{"line":24,"column":3}},"line":19},"6":{"name":"(anonymous_6)","decl":{"start":{"line":20,"column":43},"end":{"line":20,"column":44}},"loc":{"start":{"line":20,"column":48},"end":{"line":20,"column":64}},"line":20},"7":{"name":"(anonymous_7)","decl":{"start":{"line":26,"column":2},"end":{"line":26,"column":3}},"loc":{"start":{"line":26,"column":42},"end":{"line":28,"column":3}},"line":26},"8":{"name":"(anonymous_8)","decl":{"start":{"line":27,"column":35},"end":{"line":27,"column":36}},"loc":{"start":{"line":27,"column":43},"end":{"line":27,"column":57}},"line":27}},"branchMap":{"0":{"loc":{"start":{"line":12,"column":11},"end":{"line":12,"column":70}},"type":"binary-expr","locations":[{"start":{"line":12,"column":11},"end":{"line":12,"column":62}},{"start":{"line":12,"column":66},"end":{"line":12,"column":70}}],"line":12},"1":{"loc":{"start":{"line":16,"column":11},"end":{"line":16,"column":58}},"type":"binary-expr","locations":[{"start":{"line":16,"column":11},"end":{"line":16,"column":50}},{"start":{"line":16,"column":54},"end":{"line":16,"column":58}}],"line":16},"2":{"loc":{"start":{"line":21,"column":4},"end":{"line":23,"column":5}},"type":"if","locations":[{"start":{"line":21,"column":4},"end":{"line":23,"column":5}},{"start":{},"end":{}}],"line":21}},"s":{"0":22,"1":14,"2":19,"3":4,"4":16,"5":11,"6":5,"7":4,"8":5,"9":4,"10":1,"11":1},"f":{"0":14,"1":19,"2":4,"3":16,"4":11,"5":5,"6":4,"7":1,"8":1},"b":{"0":[19,15],"1":[16,5],"2":[4,1]},"_coverageSchema":"1a1c01bbd47fc00a2c39e90264f33305004495a9","hash":"0facb063f8bfadf9a4e934a5ad382877fd1a25f4"}
,"/Users/lazaroeduardodasilva/Documents/cefet/202502/vinyl/src/core/infra/repositories/MockVinylRecordRepository.ts": {"path":"/Users/lazaroeduardodasilva/Documents/cefet/202502/vinyl/src/core/infra/repositories/MockVinylRecordRepository.ts","statementMap":{"0":{"start":{"line":5,"column":35},"end":{"line":5,"column":37}},"1":{"start":{"line":8,"column":4},"end":{"line":8,"column":30}},"2":{"start":{"line":12,"column":4},"end":{"line":12,"column":65}},"3":{"start":{"line":12,"column":39},"end":{"line":12,"column":55}},"4":{"start":{"line":16,"column":4},"end":{"line":16,"column":24}},"5":{"start":{"line":20,"column":24},"end":{"line":20,"column":71}},"6":{"start":{"line":20,"column":52},"end":{"line":20,"column":70}},"7":{"start":{"line":21,"column":4},"end":{"line":23,"column":5}},"8":{"start":{"line":22,"column":6},"end":{"line":22,"column":41}},"9":{"start":{"line":27,"column":4},"end":{"line":27,"column":67}},"10":{"start":{"line":27,"column":49},"end":{"line":27,"column":65}}},"fnMap":{"0":{"name":"(anonymous_0)","decl":{"start":{"line":7,"column":2},"end":{"line":7,"column":3}},"loc":{"start":{"line":7,"column":49},"end":{"line":9,"column":3}},"line":7},"1":{"name":"(anonymous_1)","decl":{"start":{"line":11,"column":2},"end":{"line":11,"column":3}},"loc":{"start":{"line":11,"column":58},"end":{"line":13,"column":3}},"line":11},"2":{"name":"(anonymous_2)","decl":{"start":{"line":12,"column":29},"end":{"line":12,"column":30}},"loc":{"start":{"line":12,"column":39},"end":{"line":12,"column":55}},"line":12},"3":{"name":"(anonymous_3)","decl":{"start":{"line":15,"column":2},"end":{"line":15,"column":3}},"loc":{"start":{"line":15,"column":42},"end":{"line":17,"column":3}},"line":15},"4":{"name":"(anonymous_4)","decl":{"start":{"line":19,"column":2},"end":{"line":19,"column":3}},"loc":{"start":{"line":19,"column":51},"end":{"line":24,"column":3}},"line":19},"5":{"name":"(anonymous_5)","decl":{"start":{"line":20,"column":47},"end":{"line":20,"column":48}},"loc":{"start":{"line":20,"column":52},"end":{"line":20,"column":70}},"line":20},"6":{"name":"(anonymous_6)","decl":{"start":{"line":26,"column":2},"end":{"line":26,"column":3}},"loc":{"start":{"line":26,"column":42},"end":{"line":28,"column":3}},"line":26},"7":{"name":"(anonymous_7)","decl":{"start":{"line":27,"column":39},"end":{"line":27,"column":40}},"loc":{"start":{"line":27,"column":49},"end":{"line":27,"column":65}},"line":27}},"branchMap":{"0":{"loc":{"start":{"line":12,"column":11},"end":{"line":12,"column":64}},"type":"binary-expr","locations":[{"start":{"line":12,"column":11},"end":{"line":12,"column":56}},{"start":{"line":12,"column":60},"end":{"line":12,"column":64}}],"line":12},"1":{"loc":{"start":{"line":21,"column":4},"end":{"line":23,"column":5}},"type":"if","locations":[{"start":{"line":21,"column":4},"end":{"line":23,"column":5}},{"start":{},"end":{}}],"line":21}},"s":{"0":17,"1":11,"2":14,"3":9,"4":1,"5":3,"6":2,"7":3,"8":2,"9":1,"10":1},"f":{"0":11,"1":14,"2":9,"3":1,"4":3,"5":2,"6":1,"7":1},"b":{"0":[14,5],"1":[2,1]},"_coverageSchema":"1a1c01bbd47fc00a2c39e90264f33305004495a9","hash":"eac3863cee00eef1a4fb6c8e8210e99df864f8ac"}
,"/Users/lazaroeduardodasilva/Documents/cefet/202502/vinyl/src/screens/Login/index.tsx": {"path":"/Users/lazaroeduardodasilva/Documents/cefet/202502/vinyl/src/screens/Login/index.tsx","statementMap":{"0":{"start":{"line":12,"column":26},"end":{"line":12,"column":35}},"1":{"start":{"line":13,"column":28},"end":{"line":13,"column":40}},"2":{"start":{"line":14,"column":34},"end":{"line":14,"column":46}},"3":{"start":{"line":15,"column":32},"end":{"line":15,"column":47}},"4":{"start":{"line":16,"column":28},"end":{"line":16,"column":57}},"5":{"start":{"line":19,"column":4},"end":{"line":19,"column":21}},"6":{"start":{"line":20,"column":4},"end":{"line":20,"column":19}},"7":{"start":{"line":21,"column":4},"end":{"line":27,"column":5}},"8":{"start":{"line":22,"column":6},"end":{"line":22,"column":45}},"9":{"start":{"line":24,"column":6},"end":{"line":24,"column":38}},"10":{"start":{"line":26,"column":6},"end":{"line":26,"column":24}},"11":{"start":{"line":30,"column":2},"end":{"line":67,"column":4}},"12":{"start":{"line":64,"column":86},"end":{"line":64,"column":117}}},"fnMap":{"0":{"name":"LoginScreen","decl":{"start":{"line":11,"column":16},"end":{"line":11,"column":27}},"loc":{"start":{"line":11,"column":56},"end":{"line":68,"column":1}},"line":11},"1":{"name":"login","decl":{"start":{"line":18,"column":17},"end":{"line":18,"column":22}},"loc":{"start":{"line":18,"column":25},"end":{"line":28,"column":3}},"line":18},"2":{"name":"(anonymous_2)","decl":{"start":{"line":64,"column":80},"end":{"line":64,"column":81}},"loc":{"start":{"line":64,"column":86},"end":{"line":64,"column":117}},"line":64}},"branchMap":{"0":{"loc":{"start":{"line":32,"column":71},"end":{"line":32,"column":102}},"type":"cond-expr","locations":[{"start":{"line":32,"column":95},"end":{"line":32,"column":98}},{"start":{"line":32,"column":101},"end":{"line":32,"column":102}}],"line":32},"1":{"loc":{"start":{"line":58,"column":9},"end":{"line":62,"column":9}},"type":"cond-expr","locations":[{"start":{"line":59,"column":10},"end":{"line":59,"column":30}},{"start":{"line":61,"column":10},"end":{"line":61,"column":124}}],"line":58},"2":{"loc":{"start":{"line":63,"column":9},"end":{"line":63,"column":63}},"type":"binary-expr","locations":[{"start":{"line":63,"column":9},"end":{"line":63,"column":14}},{"start":{"line":63,"column":18},"end":{"line":63,"column":63}}],"line":63}},"s":{"0":5,"1":5,"2":5,"3":5,"4":5,"5":1,"6":1,"7":1,"8":1,"9":0,"10":1,"11":5,"12":0},"f":{"0":5,"1":1,"2":0},"b":{"0":[5,0],"1":[1,4],"2":[5,0]},"_coverageSchema":"1a1c01bbd47fc00a2c39e90264f33305004495a9","hash":"400aa64caa8cae22efd70b5152e7f146bc254506"}
,"/Users/lazaroeduardodasilva/Documents/cefet/202502/vinyl/src/screens/Login/styles.ts": {"path":"/Users/lazaroeduardodasilva/Documents/cefet/202502/vinyl/src/screens/Login/styles.ts","statementMap":{"0":{"start":{"line":3,"column":22},"end":{"line":33,"column":2}}},"fnMap":{},"branchMap":{},"s":{"0":1},"f":{},"b":{},"_coverageSchema":"1a1c01bbd47fc00a2c39e90264f33305004495a9","hash":"7912ba4a485015dfa26b9ff5fd5f6dfa17a33efd"}
,"/Users/lazaroeduardodasilva/Documents/cefet/202502/vinyl/src/screens/Register/index.tsx": {"path":"/Users/lazaroeduardodasilva/Documents/cefet/202502/vinyl/src/screens/Register/index.tsx","statementMap":{"0":{"start":{"line":12,"column":26},"end":{"line":12,"column":38}},"1":{"start":{"line":13,"column":28},"end":{"line":13,"column":40}},"2":{"start":{"line":14,"column":34},"end":{"line":14,"column":46}},"3":{"start":{"line":15,"column":32},"end":{"line":15,"column":47}},"4":{"start":{"line":16,"column":28},"end":{"line":16,"column":57}},"5":{"start":{"line":17,"column":23},"end":{"line":17,"column":41}},"6":{"start":{"line":20,"column":4},"end":{"line":20,"column":21}},"7":{"start":{"line":21,"column":4},"end":{"line":21,"column":19}},"8":{"start":{"line":22,"column":4},"end":{"line":36,"column":5}},"9":{"start":{"line":23,"column":6},"end":{"line":29,"column":9}},"10":{"start":{"line":30,"column":6},"end":{"line":30,"column":61}},"11":{"start":{"line":31,"column":6},"end":{"line":31,"column":35}},"12":{"start":{"line":33,"column":6},"end":{"line":33,"column":42}},"13":{"start":{"line":35,"column":6},"end":{"line":35,"column":24}},"14":{"start":{"line":39,"column":2},"end":{"line":86,"column":4}},"15":{"start":{"line":83,"column":79},"end":{"line":83,"column":107}}},"fnMap":{"0":{"name":"RegisterScreen","decl":{"start":{"line":11,"column":16},"end":{"line":11,"column":30}},"loc":{"start":{"line":11,"column":59},"end":{"line":87,"column":1}},"line":11},"1":{"name":"handleRegister","decl":{"start":{"line":19,"column":17},"end":{"line":19,"column":31}},"loc":{"start":{"line":19,"column":34},"end":{"line":37,"column":3}},"line":19},"2":{"name":"(anonymous_2)","decl":{"start":{"line":83,"column":73},"end":{"line":83,"column":74}},"loc":{"start":{"line":83,"column":79},"end":{"line":83,"column":107}},"line":83}},"branchMap":{"0":{"loc":{"start":{"line":41,"column":71},"end":{"line":41,"column":102}},"type":"cond-expr","locations":[{"start":{"line":41,"column":95},"end":{"line":41,"column":98}},{"start":{"line":41,"column":101},"end":{"line":41,"column":102}}],"line":41},"1":{"loc":{"start":{"line":77,"column":9},"end":{"line":81,"column":9}},"type":"cond-expr","locations":[{"start":{"line":78,"column":10},"end":{"line":78,"column":30}},{"start":{"line":80,"column":10},"end":{"line":80,"column":114}}],"line":77},"2":{"loc":{"start":{"line":82,"column":9},"end":{"line":82,"column":63}},"type":"binary-expr","locations":[{"start":{"line":82,"column":9},"end":{"line":82,"column":14}},{"start":{"line":82,"column":18},"end":{"line":82,"column":63}}],"line":82}},"s":{"0":6,"1":6,"2":6,"3":6,"4":6,"5":6,"6":1,"7":1,"8":1,"9":1,"10":1,"11":1,"12":0,"13":1,"14":6,"15":0},"f":{"0":6,"1":1,"2":0},"b":{"0":[6,0],"1":[1,5],"2":[6,0]},"_coverageSchema":"1a1c01bbd47fc00a2c39e90264f33305004495a9","hash":"50eb8a301c8c8709f9609a3b83e7281aa3f0f6c9"}
,"/Users/lazaroeduardodasilva/Documents/cefet/202502/vinyl/src/screens/Register/styles.ts": {"path":"/Users/lazaroeduardodasilva/Documents/cefet/202502/vinyl/src/screens/Register/styles.ts","statementMap":{"0":{"start":{"line":3,"column":22},"end":{"line":33,"column":2}}},"fnMap":{},"branchMap":{},"s":{"0":1},"f":{},"b":{},"_coverageSchema":"1a1c01bbd47fc00a2c39e90264f33305004495a9","hash":"de4da99b83402740a12a47345e8ef1769a5ead96"}
,"/Users/lazaroeduardodasilva/Documents/cefet/202502/vinyl/src/styles/colors.ts": {"path":"/Users/lazaroeduardodasilva/Documents/cefet/202502/vinyl/src/styles/colors.ts","statementMap":{"0":{"start":{"line":1,"column":22},"end":{"line":7,"column":1}}},"fnMap":{},"branchMap":{},"s":{"0":2},"f":{},"b":{},"_coverageSchema":"1a1c01bbd47fc00a2c39e90264f33305004495a9","hash":"ad7bd3361639a7fb4a64f738a49c98f85de51efd"}
}
