TN:
SF:src/components/index.ts
FNF:0
FNH:0
LF:0
LH:0
BRF:0
BRH:0
end_of_record
TN:
SF:src/components/ButtonInterface/index.tsx
FN:7,ButtonInterface
FNF:1
FNH:1
FNDA:20,ButtonInterface
DA:8,20
LF:1
LH:1
BRDA:10,0,0,10
BRDA:10,0,1,10
BRDA:11,1,0,10
BRDA:11,1,1,0
BRF:4
BRH:3
end_of_record
TN:
SF:src/components/ButtonInterface/styles.ts
FNF:0
FNH:0
DA:4,2
LF:1
LH:1
BRF:0
BRH:0
end_of_record
TN:
SF:src/components/Loading/index.tsx
FN:4,Loading
FNF:1
FNH:1
FNDA:2,Loading
DA:5,2
LF:1
LH:1
BRF:0
BRH:0
end_of_record
TN:
SF:src/core/domain/entities/Loan.ts
FN:2,(anonymous_0)
FN:10,(anonymous_1)
FN:20,(anonymous_2)
FNF:3
FNH:3
FNDA:9,(anonymous_0)
FNDA:7,(anonymous_1)
FNDA:3,(anonymous_2)
DA:17,7
DA:21,3
DA:22,1
DA:24,2
LF:4
LH:4
BRDA:21,0,0,1
BRDA:21,0,1,2
BRF:2
BRH:2
end_of_record
TN:
SF:src/core/domain/entities/User.ts
FN:7,(anonymous_0)
FN:15,(anonymous_1)
FNF:2
FNH:2
FNDA:20,(anonymous_0)
FNDA:20,(anonymous_1)
DA:22,20
LF:1
LH:1
BRF:0
BRH:0
end_of_record
TN:
SF:src/core/domain/entities/VinylRecord.ts
FN:5,(anonymous_0)
FN:14,(anonymous_1)
FNF:2
FNH:2
FNDA:15,(anonymous_0)
FNDA:15,(anonymous_1)
DA:22,15
LF:1
LH:1
BRF:0
BRH:0
end_of_record
TN:
SF:src/core/domain/use-cases/BorrowVinylRecord.ts
FN:7,(anonymous_0)
FN:13,(anonymous_1)
FNF:2
FNH:2
FNDA:6,(anonymous_0)
FNDA:6,(anonymous_1)
DA:17,6
DA:19,6
DA:20,6
DA:21,1
DA:24,5
DA:25,5
DA:26,1
DA:29,4
DA:33,4
DA:34,1
DA:37,3
DA:44,3
DA:46,3
LF:13
LH:13
BRDA:20,0,0,1
BRDA:20,0,1,5
BRDA:25,1,0,1
BRDA:25,1,1,4
BRDA:33,2,0,1
BRDA:33,2,1,3
BRF:6
BRH:6
end_of_record
TN:
SF:src/core/domain/use-cases/DeleteUser.ts
FN:4,(anonymous_0)
FN:6,(anonymous_1)
FNF:2
FNH:2
FNDA:3,(anonymous_0)
FNDA:2,(anonymous_1)
DA:7,2
DA:9,2
DA:11,2
DA:12,1
DA:15,1
LF:5
LH:5
BRDA:11,0,0,1
BRDA:11,0,1,1
BRF:2
BRH:2
end_of_record
TN:
SF:src/core/domain/use-cases/DeleteVinylRecord.ts
FN:4,(anonymous_0)
FN:6,(anonymous_1)
FNF:2
FNH:2
FNDA:3,(anonymous_0)
FNDA:2,(anonymous_1)
DA:7,2
DA:9,2
DA:11,2
DA:12,1
DA:15,1
LF:5
LH:5
BRDA:11,0,0,1
BRDA:11,0,1,1
BRF:2
BRH:2
end_of_record
TN:
SF:src/core/domain/use-cases/FindAllVinylRecords.ts
FN:5,(anonymous_0)
FN:7,(anonymous_1)
FNF:2
FNH:2
FNDA:2,(anonymous_0)
FNDA:1,(anonymous_1)
DA:8,1
LF:1
LH:1
BRF:0
BRH:0
end_of_record
TN:
SF:src/core/domain/use-cases/FindUser.ts
FN:5,(anonymous_0)
FN:7,(anonymous_1)
FNF:2
FNH:2
FNDA:3,(anonymous_0)
FNDA:2,(anonymous_1)
DA:8,2
LF:1
LH:1
BRF:0
BRH:0
end_of_record
TN:
SF:src/core/domain/use-cases/FindVinylRecord.ts
FN:5,(anonymous_0)
FN:7,(anonymous_1)
FNF:2
FNH:2
FNDA:3,(anonymous_0)
FNDA:2,(anonymous_1)
DA:8,2
LF:1
LH:1
BRF:0
BRH:0
end_of_record
TN:
SF:src/core/domain/use-cases/LoginUser.ts
FN:6,(anonymous_0)
FN:8,(anonymous_1)
FN:32,(anonymous_2)
FNF:3
FNH:3
FNDA:4,(anonymous_0)
FNDA:3,(anonymous_1)
FNDA:2,(anonymous_2)
DA:12,3
DA:14,3
DA:16,3
DA:17,1
DA:20,2
DA:25,2
DA:26,1
DA:29,1
DA:36,2
LF:9
LH:9
BRDA:16,0,0,1
BRDA:16,0,1,2
BRDA:25,1,0,1
BRDA:25,1,1,1
BRF:4
BRH:4
end_of_record
TN:
SF:src/core/domain/use-cases/LogoutUser.ts
FN:2,(anonymous_0)
FN:4,(anonymous_1)
FNF:2
FNH:2
FNDA:2,(anonymous_0)
FNDA:1,(anonymous_1)
DA:7,1
LF:1
LH:1
BRF:0
BRH:0
end_of_record
TN:
SF:src/core/domain/use-cases/RegisterUser.ts
FN:9,(anonymous_0)
FN:11,(anonymous_1)
FN:41,(anonymous_2)
FNF:3
FNH:3
FNDA:15,(anonymous_0)
FNDA:15,(anonymous_1)
FNDA:14,(anonymous_2)
DA:18,15
DA:20,15
DA:22,15
DA:23,1
DA:26,14
DA:28,14
DA:36,14
DA:38,14
DA:42,14
LF:9
LH:9
BRDA:22,0,0,1
BRDA:22,0,1,14
BRF:2
BRH:2
end_of_record
TN:
SF:src/core/domain/use-cases/RegisterVinylRecord.ts
FN:7,(anonymous_0)
FN:9,(anonymous_1)
FNF:2
FNH:2
FNDA:11,(anonymous_0)
FNDA:11,(anonymous_1)
DA:16,11
DA:18,11
DA:27,11
DA:29,11
LF:4
LH:4
BRF:0
BRH:0
end_of_record
TN:
SF:src/core/domain/use-cases/ReturnVinylRecord.ts
FN:5,(anonymous_0)
FN:7,(anonymous_1)
FNF:2
FNH:2
FNDA:3,(anonymous_0)
FNDA:2,(anonymous_1)
DA:8,2
DA:10,2
DA:12,2
DA:13,1
DA:16,1
DA:18,1
DA:20,1
LF:7
LH:7
BRDA:12,0,0,1
BRDA:12,0,1,1
BRF:2
BRH:2
end_of_record
TN:
SF:src/core/domain/use-cases/UpdateUser.ts
FN:8,(anonymous_0)
FN:10,(anonymous_1)
FNF:2
FNH:2
FNDA:6,(anonymous_0)
FNDA:5,(anonymous_1)
DA:17,5
DA:19,5
DA:21,5
DA:22,1
DA:25,4
DA:26,4
DA:27,4
DA:29,4
DA:37,4
DA:39,4
LF:10
LH:10
BRDA:21,0,0,1
BRDA:21,0,1,4
BRDA:25,1,0,1
BRDA:25,1,1,3
BRDA:26,2,0,1
BRDA:26,2,1,3
BRDA:27,3,0,1
BRDA:27,3,1,3
BRDA:27,4,0,4
BRDA:27,4,1,1
BRF:10
BRH:10
end_of_record
TN:
SF:src/core/domain/use-cases/UpdateVinylRecord.ts
FN:7,(anonymous_0)
FN:9,(anonymous_1)
FNF:2
FNH:2
FNDA:4,(anonymous_0)
FNDA:3,(anonymous_1)
DA:17,3
DA:19,3
DA:21,3
DA:22,1
DA:25,2
DA:26,2
DA:27,2
DA:28,2
DA:29,2
DA:31,2
DA:40,2
DA:42,2
LF:12
LH:12
BRDA:21,0,0,1
BRDA:21,0,1,2
BRDA:25,1,0,0
BRDA:25,1,1,2
BRDA:26,2,0,1
BRDA:26,2,1,1
BRDA:27,3,0,2
BRDA:27,3,1,2
BRDA:28,4,0,2
BRDA:28,4,1,2
BRDA:29,5,0,0
BRDA:29,5,1,2
BRF:12
BRH:10
end_of_record
TN:
SF:src/core/domain/value-objects/Email.ts
FN:2,(anonymous_0)
FN:4,(anonymous_1)
FN:11,(anonymous_2)
FNF:3
FNH:3
FNDA:18,(anonymous_0)
FNDA:19,(anonymous_1)
FNDA:19,(anonymous_2)
DA:5,19
DA:6,1
DA:8,18
DA:12,19
DA:13,19
LF:5
LH:5
BRDA:5,0,0,1
BRDA:5,0,1,18
BRF:2
BRH:2
end_of_record
TN:
SF:src/core/domain/value-objects/GeoCoordinates.ts
FN:2,(anonymous_0)
FN:4,(anonymous_1)
FN:11,(anonymous_2)
FNF:3
FNH:3
FNDA:18,(anonymous_0)
FNDA:20,(anonymous_1)
FNDA:20,(anonymous_2)
DA:5,20
DA:6,2
DA:8,18
DA:12,20
LF:4
LH:4
BRDA:5,0,0,2
BRDA:5,0,1,18
BRDA:12,1,0,20
BRDA:12,1,1,20
BRDA:12,1,2,19
BRDA:12,1,3,19
BRF:6
BRH:6
end_of_record
TN:
SF:src/core/domain/value-objects/Name.ts
FN:2,(anonymous_0)
FN:4,(anonymous_1)
FN:11,(anonymous_2)
FNF:3
FNH:3
FNDA:45,(anonymous_0)
FNDA:46,(anonymous_1)
FNDA:46,(anonymous_2)
DA:5,46
DA:6,1
DA:8,45
DA:12,46
LF:4
LH:4
BRDA:5,0,0,1
BRDA:5,0,1,45
BRF:2
BRH:2
end_of_record
TN:
SF:src/core/domain/value-objects/Password.ts
FN:2,(anonymous_0)
FN:4,(anonymous_1)
FN:11,(anonymous_2)
FNF:3
FNH:3
FNDA:17,(anonymous_0)
FNDA:18,(anonymous_1)
FNDA:18,(anonymous_2)
DA:5,18
DA:6,1
DA:8,17
DA:12,18
LF:4
LH:4
BRDA:5,0,0,1
BRDA:5,0,1,17
BRF:2
BRH:2
end_of_record
TN:
SF:src/core/domain/value-objects/Photo.ts
FN:2,(anonymous_0)
FN:4,(anonymous_1)
FN:11,(anonymous_2)
FNF:3
FNH:3
FNDA:14,(anonymous_0)
FNDA:15,(anonymous_1)
FNDA:15,(anonymous_2)
DA:5,15
DA:6,1
DA:8,14
DA:12,15
DA:13,15
DA:14,14
DA:16,1
LF:7
LH:7
BRDA:5,0,0,1
BRDA:5,0,1,14
BRF:2
BRH:2
end_of_record
TN:
SF:src/core/factories/makeLoanUseCases.ts
FN:10,makeLoanUseCases
FNF:1
FNH:1
FNDA:1,makeLoanUseCases
DA:11,1
DA:12,1
DA:13,1
DA:15,1
DA:20,1
DA:22,1
LF:6
LH:6
BRF:0
BRH:0
end_of_record
TN:
SF:src/core/factories/makeUserUseCases.ts
FN:10,makeUserUseCases
FNF:1
FNH:1
FNDA:1,makeUserUseCases
DA:11,1
DA:13,1
DA:14,1
DA:15,1
DA:16,1
DA:17,1
DA:18,1
DA:20,1
LF:8
LH:8
BRF:0
BRH:0
end_of_record
TN:
SF:src/core/factories/makeVinylRecordUseCases.ts
FN:9,makeVinylRecordUseCases
FNF:1
FNH:1
FNDA:1,makeVinylRecordUseCases
DA:10,1
DA:12,1
DA:13,1
DA:14,1
DA:15,1
DA:16,1
DA:18,1
LF:7
LH:7
BRF:0
BRH:0
end_of_record
TN:
SF:src/core/infra/repositories/MockLoanRepository.ts
FN:7,(anonymous_0)
FN:11,(anonymous_1)
FN:12,(anonymous_2)
FN:15,(anonymous_3)
FN:16,(anonymous_4)
FN:19,(anonymous_5)
FN:20,(anonymous_6)
FN:23,(anonymous_7)
FN:24,(anonymous_8)
FNF:9
FNH:7
FNDA:3,(anonymous_0)
FNDA:2,(anonymous_1)
FNDA:1,(anonymous_2)
FNDA:0,(anonymous_3)
FNDA:0,(anonymous_4)
FNDA:4,(anonymous_5)
FNDA:1,(anonymous_6)
FNDA:2,(anonymous_7)
FNDA:1,(anonymous_8)
DA:5,8
DA:8,3
DA:12,2
DA:16,0
DA:20,4
DA:24,2
DA:25,2
DA:26,1
LF:8
LH:7
BRDA:12,0,0,2
BRDA:12,0,1,1
BRDA:20,1,0,4
BRDA:20,1,1,3
BRDA:20,2,0,1
BRDA:20,2,1,1
BRDA:25,3,0,1
BRDA:25,3,1,1
BRF:8
BRH:8
end_of_record
TN:
SF:src/core/infra/repositories/MockUserRepository.ts
FN:7,(anonymous_0)
FN:11,(anonymous_1)
FN:12,(anonymous_2)
FN:15,(anonymous_3)
FN:16,(anonymous_4)
FN:19,(anonymous_5)
FN:20,(anonymous_6)
FN:26,(anonymous_7)
FN:27,(anonymous_8)
FNF:9
FNH:9
FNDA:14,(anonymous_0)
FNDA:19,(anonymous_1)
FNDA:4,(anonymous_2)
FNDA:16,(anonymous_3)
FNDA:11,(anonymous_4)
FNDA:5,(anonymous_5)
FNDA:4,(anonymous_6)
FNDA:1,(anonymous_7)
FNDA:1,(anonymous_8)
DA:5,22
DA:8,14
DA:12,19
DA:16,16
DA:20,5
DA:21,5
DA:22,4
DA:27,1
LF:8
LH:8
BRDA:12,0,0,19
BRDA:12,0,1,15
BRDA:16,1,0,16
BRDA:16,1,1,5
BRDA:21,2,0,4
BRDA:21,2,1,1
BRF:6
BRH:6
end_of_record
TN:
SF:src/core/infra/repositories/MockVinylRecordRepository.ts
FN:7,(anonymous_0)
FN:11,(anonymous_1)
FN:12,(anonymous_2)
FN:15,(anonymous_3)
FN:19,(anonymous_4)
FN:20,(anonymous_5)
FN:26,(anonymous_6)
FN:27,(anonymous_7)
FNF:8
FNH:8
FNDA:11,(anonymous_0)
FNDA:14,(anonymous_1)
FNDA:9,(anonymous_2)
FNDA:1,(anonymous_3)
FNDA:3,(anonymous_4)
FNDA:2,(anonymous_5)
FNDA:1,(anonymous_6)
FNDA:1,(anonymous_7)
DA:5,17
DA:8,11
DA:12,14
DA:16,1
DA:20,3
DA:21,3
DA:22,2
DA:27,1
LF:8
LH:8
BRDA:12,0,0,14
BRDA:12,0,1,5
BRDA:21,1,0,2
BRDA:21,1,1,1
BRF:4
BRH:4
end_of_record
TN:
SF:src/screens/Login/index.tsx
FN:11,LoginScreen
FN:18,login
FN:64,(anonymous_2)
FNF:3
FNH:2
FNDA:5,LoginScreen
FNDA:1,login
FNDA:0,(anonymous_2)
DA:12,5
DA:13,5
DA:14,5
DA:15,5
DA:16,5
DA:19,1
DA:20,1
DA:21,1
DA:22,1
DA:24,0
DA:26,1
DA:30,5
DA:64,0
LF:13
LH:11
BRDA:32,0,0,5
BRDA:32,0,1,0
BRDA:58,1,0,1
BRDA:58,1,1,4
BRDA:63,2,0,5
BRDA:63,2,1,0
BRF:6
BRH:4
end_of_record
TN:
SF:src/screens/Login/styles.ts
FNF:0
FNH:0
DA:3,1
LF:1
LH:1
BRF:0
BRH:0
end_of_record
TN:
SF:src/screens/Register/index.tsx
FN:11,RegisterScreen
FN:19,handleRegister
FN:83,(anonymous_2)
FNF:3
FNH:2
FNDA:6,RegisterScreen
FNDA:1,handleRegister
FNDA:0,(anonymous_2)
DA:12,6
DA:13,6
DA:14,6
DA:15,6
DA:16,6
DA:17,6
DA:20,1
DA:21,1
DA:22,1
DA:23,1
DA:30,1
DA:31,1
DA:33,0
DA:35,1
DA:39,6
DA:83,0
LF:16
LH:14
BRDA:41,0,0,6
BRDA:41,0,1,0
BRDA:77,1,0,1
BRDA:77,1,1,5
BRDA:82,2,0,6
BRDA:82,2,1,0
BRF:6
BRH:4
end_of_record
TN:
SF:src/screens/Register/styles.ts
FNF:0
FNH:0
DA:3,1
LF:1
LH:1
BRF:0
BRH:0
end_of_record
TN:
SF:src/styles/colors.ts
FNF:0
FNH:0
DA:1,2
LF:1
LH:1
BRF:0
BRH:0
end_of_record
